Using pre-set license
Built from '2020.3/staging' branch; Version is '2020.3.20f1 (41c4e627c95f) revision 4310246'; Using compiler version '192528614'; Build Type 'Release'
OS: 'Windows 10 Home; OS build 22000.376; Version 2009; 64bit' Language: 'zh' Physical Memory: 16229 MB
BatchMode: 1, IsHumanControllingUs: 0, StartBugReporterOnCrash: 0, Is64bit: 1, IsPro: 0

COMMAND LINE ARGUMENTS:
D:\Program Files\Unity\Hub\Editor\2020.3.20f1\Editor\Unity.exe
-adb2
-batchMode
-noUpm
-name
AssetImportWorker0
-projectPath
D:/GitHub/ASIA_KonoUnityDa_uprush_20211030
-logFile
Logs/AssetImportWorker0.log
-srvPort
53573
Successfully changed project path to: D:/GitHub/ASIA_KonoUnityDa_uprush_20211030
D:/GitHub/ASIA_KonoUnityDa_uprush_20211030
Using Asset Import Pipeline V2.
Refreshing native plugins compatible for Editor in 40.61 ms, found 3 plugins.
Preloading 0 native plugins for Editor in 0.00 ms.
Initialize engine version: 2020.3.20f1 (41c4e627c95f)
[Subsystems] Discovering subsystems at path D:/Program Files/Unity/Hub/Editor/2020.3.20f1/Editor/Data/Resources/UnitySubsystems
[Subsystems] Discovering subsystems at path D:/GitHub/ASIA_KonoUnityDa_uprush_20211030/Assets
GfxDevice: creating device client; threaded=0
Direct3D:
    Version:  Direct3D 11.0 [level 11.1]
    Renderer: NVIDIA GeForce GTX 1650 (ID=0x1f91)
    Vendor:   
    VRAM:     3962 MB
    Driver:   27.21.14.5709
Initialize mono
Mono path[0] = 'D:/Program Files/Unity/Hub/Editor/2020.3.20f1/Editor/Data/Managed'
Mono path[1] = 'D:/Program Files/Unity/Hub/Editor/2020.3.20f1/Editor/Data/MonoBleedingEdge/lib/mono/unityjit'
Mono config path = 'D:/Program Files/Unity/Hub/Editor/2020.3.20f1/Editor/Data/MonoBleedingEdge/etc'
Using monoOptions --debugger-agent=transport=dt_socket,embedding=1,server=y,suspend=n,address=127.0.0.1:56996
Begin MonoManager ReloadAssembly
Registering precompiled unity dll's ...
Register platform support module: D:/Program Files/Unity/Hub/Editor/2020.3.20f1/Editor/Data/PlaybackEngines/WebGLSupport/UnityEditor.WebGL.Extensions.dll
Register platform support module: D:/Program Files/Unity/Hub/Editor/2020.3.20f1/Editor/Data/PlaybackEngines/WindowsStandaloneSupport/UnityEditor.WindowsStandalone.Extensions.dll
Registered in 0.001122 seconds.
Native extension for WindowsStandalone target not found
Native extension for WebGL target not found
Refreshing native plugins compatible for Editor in 38.52 ms, found 3 plugins.
Preloading 0 native plugins for Editor in 0.00 ms.
Mono: successfully reloaded assembly
- Completed reload, in  1.585 seconds
Domain Reload Profiling:
	ReloadAssembly (1585ms)
		BeginReloadAssembly (47ms)
			ExecutionOrderSort (0ms)
			DisableScriptedObjects (0ms)
			BackupInstance (0ms)
			ReleaseScriptingObjects (0ms)
			CreateAndSetChildDomain (1ms)
		EndReloadAssembly (376ms)
			LoadAssemblies (46ms)
			RebuildTransferFunctionScriptingTraits (0ms)
			SetupTypeCache (137ms)
			ReleaseScriptCaches (0ms)
			RebuildScriptCaches (29ms)
			SetupLoadedEditorAssemblies (150ms)
				LogAssemblyErrors (0ms)
				InitializePlatformSupportModulesInManaged (4ms)
				SetLoadedEditorAssemblies (0ms)
				RefreshPlugins (39ms)
				BeforeProcessingInitializeOnLoad (15ms)
				ProcessInitializeOnLoadAttributes (68ms)
				ProcessInitializeOnLoadMethodAttributes (24ms)
				AfterProcessingInitializeOnLoad (0ms)
				EditorAssembliesLoaded (0ms)
			ExecutionOrderSort2 (0ms)
			AwakeInstancesAfterBackupRestoration (0ms)
Platform modules already initialized, skipping
Registering precompiled user dll's ...
Registered in 0.002253 seconds.
Begin MonoManager ReloadAssembly
Native extension for WindowsStandalone target not found
Native extension for WebGL target not found
Refreshing native plugins compatible for Editor in 38.20 ms, found 3 plugins.
Preloading 0 native plugins for Editor in 0.00 ms.
Mono: successfully reloaded assembly
- Completed reload, in  1.813 seconds
Domain Reload Profiling:
	ReloadAssembly (1813ms)
		BeginReloadAssembly (148ms)
			ExecutionOrderSort (0ms)
			DisableScriptedObjects (4ms)
			BackupInstance (0ms)
			ReleaseScriptingObjects (0ms)
			CreateAndSetChildDomain (19ms)
		EndReloadAssembly (1612ms)
			LoadAssemblies (862ms)
			RebuildTransferFunctionScriptingTraits (0ms)
			SetupTypeCache (276ms)
			ReleaseScriptCaches (0ms)
			RebuildScriptCaches (50ms)
			SetupLoadedEditorAssemblies (319ms)
				LogAssemblyErrors (0ms)
				InitializePlatformSupportModulesInManaged (4ms)
				SetLoadedEditorAssemblies (0ms)
				RefreshPlugins (38ms)
				BeforeProcessingInitializeOnLoad (68ms)
				ProcessInitializeOnLoadAttributes (193ms)
				ProcessInitializeOnLoadMethodAttributes (13ms)
				AfterProcessingInitializeOnLoad (2ms)
				EditorAssembliesLoaded (0ms)
			ExecutionOrderSort2 (0ms)
			AwakeInstancesAfterBackupRestoration (6ms)
Platform modules already initialized, skipping
========================================================================
Worker process is ready to serve import requests
Launched and connected shader compiler UnityShaderCompiler.exe after 0.05 seconds
Refreshing native plugins compatible for Editor in 0.44 ms, found 3 plugins.
Preloading 0 native plugins for Editor in 0.00 ms.
Unloading 2254 Unused Serialized files (Serialized files now loaded: 0)
System memory in use before: 98.2 MB.
System memory in use after: 98.3 MB.

Unloading 27 unused Assets to reduce memory usage. Loaded Objects now: 2694.
Total: 3.157200 ms (FindLiveObjects: 0.249800 ms CreateObjectMapping: 0.073100 ms MarkObjects: 2.728900 ms  DeleteObjects: 0.104300 ms)

AssetImportParameters requested are different than current active one (requested -> active):
  custom:framework-win-MediaFoundation: 216162199b28c13a410421893ffa2e32 -> 
  custom:video-decoder-ogg-theora: a1e56fd34408186e4bbccfd4996cb3dc -> 
  custom:container-muxer-webm: aa71ff27fc2769a1b78a27578f13a17b -> 
  custom:container-demuxer-webm: 4f35f7cbe854078d1ac9338744f61a02 -> 
  custom:container-demuxer-ogg: 62fdf1f143b41e24485cea50d1cbac27 -> 
  custom:video-encoder-webm-vp8: eb34c28f22e8b96e1ab97ce403110664 -> 
  custom:video-decoder-webm-vp8: 9c59270c3fd7afecdb556c50c9e8de78 -> 
  custom:audio-decoder-ogg-vorbis: bf7c407c2cedff20999df2af8eb42d56 -> 
  custom:audio-encoder-webm-vorbis: bf7c407c2cedff20999df2af8eb42d56 -> 
========================================================================
Received Import Request.
  path: Assets/場景/遊戲場景.unity
  artifactKey: Guid(dc491671912470a4f8df42a6046e101b) Importer(815301076,1909f56bfc062723c751e8b465ee728b)
Start importing Assets/場景/遊戲場景.unity using Guid(dc491671912470a4f8df42a6046e101b) Importer(815301076,1909f56bfc062723c751e8b465ee728b)  -> (artifact id: '45a7098a98dba9cd6b24794424f42f56') in 0.020813 seconds 
  Import took 0.023867 seconds .

========================================================================
Received Prepare
Registering precompiled user dll's ...
Registered in 0.002292 seconds.
Begin MonoManager ReloadAssembly
Native extension for WindowsStandalone target not found
Native extension for WebGL target not found
Refreshing native plugins compatible for Editor in 0.42 ms, found 3 plugins.
Preloading 0 native plugins for Editor in 0.00 ms.
Mono: successfully reloaded assembly
- Completed reload, in  0.951 seconds
Domain Reload Profiling:
	ReloadAssembly (951ms)
		BeginReloadAssembly (110ms)
			ExecutionOrderSort (0ms)
			DisableScriptedObjects (6ms)
			BackupInstance (0ms)
			ReleaseScriptingObjects (0ms)
			CreateAndSetChildDomain (33ms)
		EndReloadAssembly (786ms)
			LoadAssemblies (76ms)
			RebuildTransferFunctionScriptingTraits (0ms)
			SetupTypeCache (281ms)
			ReleaseScriptCaches (1ms)
			RebuildScriptCaches (41ms)
			SetupLoadedEditorAssemblies (283ms)
				LogAssemblyErrors (0ms)
				InitializePlatformSupportModulesInManaged (5ms)
				SetLoadedEditorAssemblies (0ms)
				RefreshPlugins (0ms)
				BeforeProcessingInitializeOnLoad (68ms)
				ProcessInitializeOnLoadAttributes (202ms)
				ProcessInitializeOnLoadMethodAttributes (5ms)
				AfterProcessingInitializeOnLoad (2ms)
				EditorAssembliesLoaded (0ms)
			ExecutionOrderSort2 (0ms)
			AwakeInstancesAfterBackupRestoration (10ms)
Platform modules already initialized, skipping
Refreshing native plugins compatible for Editor in 0.44 ms, found 3 plugins.
Preloading 0 native plugins for Editor in 0.00 ms.
Unloading 2242 Unused Serialized files (Serialized files now loaded: 0)
System memory in use before: 97.7 MB.
System memory in use after: 97.8 MB.

Unloading 15 unused Assets to reduce memory usage. Loaded Objects now: 2697.
Total: 3.155400 ms (FindLiveObjects: 0.188100 ms CreateObjectMapping: 0.065100 ms MarkObjects: 2.886400 ms  DeleteObjects: 0.015100 ms)

AssetImportParameters requested are different than current active one (requested -> active):
  custom:framework-win-MediaFoundation: 216162199b28c13a410421893ffa2e32 -> 
  custom:video-decoder-ogg-theora: a1e56fd34408186e4bbccfd4996cb3dc -> 
  custom:container-muxer-webm: aa71ff27fc2769a1b78a27578f13a17b -> 
  custom:container-demuxer-webm: 4f35f7cbe854078d1ac9338744f61a02 -> 
  custom:container-demuxer-ogg: 62fdf1f143b41e24485cea50d1cbac27 -> 
  custom:video-encoder-webm-vp8: eb34c28f22e8b96e1ab97ce403110664 -> 
  custom:video-decoder-webm-vp8: 9c59270c3fd7afecdb556c50c9e8de78 -> 
  custom:audio-decoder-ogg-vorbis: bf7c407c2cedff20999df2af8eb42d56 -> 
  custom:audio-encoder-webm-vorbis: bf7c407c2cedff20999df2af8eb42d56 -> 
========================================================================
Received Prepare
Registering precompiled user dll's ...
Registered in 0.003009 seconds.
Begin MonoManager ReloadAssembly
Native extension for WindowsStandalone target not found
Native extension for WebGL target not found
Refreshing native plugins compatible for Editor in 0.72 ms, found 3 plugins.
Preloading 0 native plugins for Editor in 0.00 ms.
Mono: successfully reloaded assembly
- Completed reload, in  1.134 seconds
Domain Reload Profiling:
	ReloadAssembly (1135ms)
		BeginReloadAssembly (129ms)
			ExecutionOrderSort (0ms)
			DisableScriptedObjects (6ms)
			BackupInstance (0ms)
			ReleaseScriptingObjects (0ms)
			CreateAndSetChildDomain (41ms)
		EndReloadAssembly (938ms)
			LoadAssemblies (97ms)
			RebuildTransferFunctionScriptingTraits (0ms)
			SetupTypeCache (337ms)
			ReleaseScriptCaches (1ms)
			RebuildScriptCaches (52ms)
			SetupLoadedEditorAssemblies (338ms)
				LogAssemblyErrors (0ms)
				InitializePlatformSupportModulesInManaged (6ms)
				SetLoadedEditorAssemblies (1ms)
				RefreshPlugins (1ms)
				BeforeProcessingInitializeOnLoad (83ms)
				ProcessInitializeOnLoadAttributes (238ms)
				ProcessInitializeOnLoadMethodAttributes (6ms)
				AfterProcessingInitializeOnLoad (3ms)
				EditorAssembliesLoaded (0ms)
			ExecutionOrderSort2 (0ms)
			AwakeInstancesAfterBackupRestoration (12ms)
Platform modules already initialized, skipping
Refreshing native plugins compatible for Editor in 0.66 ms, found 3 plugins.
Preloading 0 native plugins for Editor in 0.00 ms.
Unloading 2242 Unused Serialized files (Serialized files now loaded: 0)
System memory in use before: 97.7 MB.
System memory in use after: 97.8 MB.

Unloading 15 unused Assets to reduce memory usage. Loaded Objects now: 2700.
Total: 3.348800 ms (FindLiveObjects: 0.191900 ms CreateObjectMapping: 0.090200 ms MarkObjects: 3.046500 ms  DeleteObjects: 0.019100 ms)

AssetImportParameters requested are different than current active one (requested -> active):
  custom:framework-win-MediaFoundation: 216162199b28c13a410421893ffa2e32 -> 
  custom:video-decoder-ogg-theora: a1e56fd34408186e4bbccfd4996cb3dc -> 
  custom:container-muxer-webm: aa71ff27fc2769a1b78a27578f13a17b -> 
  custom:container-demuxer-webm: 4f35f7cbe854078d1ac9338744f61a02 -> 
  custom:container-demuxer-ogg: 62fdf1f143b41e24485cea50d1cbac27 -> 
  custom:video-encoder-webm-vp8: eb34c28f22e8b96e1ab97ce403110664 -> 
  custom:video-decoder-webm-vp8: 9c59270c3fd7afecdb556c50c9e8de78 -> 
  custom:audio-decoder-ogg-vorbis: bf7c407c2cedff20999df2af8eb42d56 -> 
  custom:audio-encoder-webm-vorbis: bf7c407c2cedff20999df2af8eb42d56 -> 
========================================================================
Received Prepare
Registering precompiled user dll's ...
Registered in 0.002768 seconds.
Begin MonoManager ReloadAssembly
Native extension for WindowsStandalone target not found
Native extension for WebGL target not found
Refreshing native plugins compatible for Editor in 0.46 ms, found 3 plugins.
Preloading 0 native plugins for Editor in 0.00 ms.
Mono: successfully reloaded assembly
- Completed reload, in  1.136 seconds
Domain Reload Profiling:
	ReloadAssembly (1137ms)
		BeginReloadAssembly (120ms)
			ExecutionOrderSort (0ms)
			DisableScriptedObjects (6ms)
			BackupInstance (0ms)
			ReleaseScriptingObjects (0ms)
			CreateAndSetChildDomain (36ms)
		EndReloadAssembly (961ms)
			LoadAssemblies (83ms)
			RebuildTransferFunctionScriptingTraits (0ms)
			SetupTypeCache (276ms)
			ReleaseScriptCaches (2ms)
			RebuildScriptCaches (67ms)
			SetupLoadedEditorAssemblies (411ms)
				LogAssemblyErrors (0ms)
				InitializePlatformSupportModulesInManaged (7ms)
				SetLoadedEditorAssemblies (0ms)
				RefreshPlugins (1ms)
				BeforeProcessingInitializeOnLoad (81ms)
				ProcessInitializeOnLoadAttributes (313ms)
				ProcessInitializeOnLoadMethodAttributes (6ms)
				AfterProcessingInitializeOnLoad (2ms)
				EditorAssembliesLoaded (0ms)
			ExecutionOrderSort2 (0ms)
			AwakeInstancesAfterBackupRestoration (11ms)
Platform modules already initialized, skipping
Refreshing native plugins compatible for Editor in 0.76 ms, found 3 plugins.
Preloading 0 native plugins for Editor in 0.00 ms.
Unloading 2242 Unused Serialized files (Serialized files now loaded: 0)
System memory in use before: 97.7 MB.
System memory in use after: 97.9 MB.

Unloading 15 unused Assets to reduce memory usage. Loaded Objects now: 2703.
Total: 4.903500 ms (FindLiveObjects: 0.293300 ms CreateObjectMapping: 0.128300 ms MarkObjects: 4.439900 ms  DeleteObjects: 0.040000 ms)

AssetImportParameters requested are different than current active one (requested -> active):
  custom:framework-win-MediaFoundation: 216162199b28c13a410421893ffa2e32 -> 
  custom:video-decoder-ogg-theora: a1e56fd34408186e4bbccfd4996cb3dc -> 
  custom:container-muxer-webm: aa71ff27fc2769a1b78a27578f13a17b -> 
  custom:container-demuxer-webm: 4f35f7cbe854078d1ac9338744f61a02 -> 
  custom:container-demuxer-ogg: 62fdf1f143b41e24485cea50d1cbac27 -> 
  custom:video-encoder-webm-vp8: eb34c28f22e8b96e1ab97ce403110664 -> 
  custom:video-decoder-webm-vp8: 9c59270c3fd7afecdb556c50c9e8de78 -> 
  custom:audio-decoder-ogg-vorbis: bf7c407c2cedff20999df2af8eb42d56 -> 
  custom:audio-encoder-webm-vorbis: bf7c407c2cedff20999df2af8eb42d56 -> 
========================================================================
Received Prepare
Registering precompiled user dll's ...
Registered in 0.005406 seconds.
Begin MonoManager ReloadAssembly
Native extension for WindowsStandalone target not found
Native extension for WebGL target not found
Refreshing native plugins compatible for Editor in 0.43 ms, found 3 plugins.
Preloading 0 native plugins for Editor in 0.00 ms.
Mono: successfully reloaded assembly
- Completed reload, in  1.170 seconds
Domain Reload Profiling:
	ReloadAssembly (1171ms)
		BeginReloadAssembly (141ms)
			ExecutionOrderSort (0ms)
			DisableScriptedObjects (9ms)
			BackupInstance (0ms)
			ReleaseScriptingObjects (0ms)
			CreateAndSetChildDomain (53ms)
		EndReloadAssembly (960ms)
			LoadAssemblies (99ms)
			RebuildTransferFunctionScriptingTraits (0ms)
			SetupTypeCache (344ms)
			ReleaseScriptCaches (1ms)
			RebuildScriptCaches (51ms)
			SetupLoadedEditorAssemblies (362ms)
				LogAssemblyErrors (0ms)
				InitializePlatformSupportModulesInManaged (6ms)
				SetLoadedEditorAssemblies (0ms)
				RefreshPlugins (0ms)
				BeforeProcessingInitializeOnLoad (90ms)
				ProcessInitializeOnLoadAttributes (256ms)
				ProcessInitializeOnLoadMethodAttributes (5ms)
				AfterProcessingInitializeOnLoad (4ms)
				EditorAssembliesLoaded (0ms)
			ExecutionOrderSort2 (0ms)
			AwakeInstancesAfterBackupRestoration (13ms)
Platform modules already initialized, skipping
Refreshing native plugins compatible for Editor in 0.52 ms, found 3 plugins.
Preloading 0 native plugins for Editor in 0.00 ms.
Unloading 2242 Unused Serialized files (Serialized files now loaded: 0)
System memory in use before: 97.8 MB.
System memory in use after: 97.9 MB.

Unloading 15 unused Assets to reduce memory usage. Loaded Objects now: 2706.
Total: 3.370400 ms (FindLiveObjects: 0.284100 ms CreateObjectMapping: 0.107900 ms MarkObjects: 2.959300 ms  DeleteObjects: 0.017800 ms)

AssetImportParameters requested are different than current active one (requested -> active):
  custom:framework-win-MediaFoundation: 216162199b28c13a410421893ffa2e32 -> 
  custom:video-decoder-ogg-theora: a1e56fd34408186e4bbccfd4996cb3dc -> 
  custom:container-muxer-webm: aa71ff27fc2769a1b78a27578f13a17b -> 
  custom:container-demuxer-webm: 4f35f7cbe854078d1ac9338744f61a02 -> 
  custom:container-demuxer-ogg: 62fdf1f143b41e24485cea50d1cbac27 -> 
  custom:video-encoder-webm-vp8: eb34c28f22e8b96e1ab97ce403110664 -> 
  custom:video-decoder-webm-vp8: 9c59270c3fd7afecdb556c50c9e8de78 -> 
  custom:audio-decoder-ogg-vorbis: bf7c407c2cedff20999df2af8eb42d56 -> 
  custom:audio-encoder-webm-vorbis: bf7c407c2cedff20999df2af8eb42d56 -> 
========================================================================
Received Import Request.
  Time since last request: 2865.948032 seconds.
  path: Assets/Prefab/MovingPlatform.prefab
  artifactKey: Guid(c3b3ed31c7c0a654a9bbf4066aed17a7) Importer(815301076,1909f56bfc062723c751e8b465ee728b)
Start importing Assets/Prefab/MovingPlatform.prefab using Guid(c3b3ed31c7c0a654a9bbf4066aed17a7) Importer(815301076,1909f56bfc062723c751e8b465ee728b)  -> (artifact id: '9ec7a35c4cd246876f855c3bf360a2c7') in 0.375073 seconds 
  Import took 0.380290 seconds .

========================================================================
Received Import Request.
  Time since last request: 2.136001 seconds.
  path: Assets/Scripts/NPC 木板遊戲教成.asset
  artifactKey: Guid(666982c1b6c56d740be68525afc2266b) Importer(815301076,1909f56bfc062723c751e8b465ee728b)
Start importing Assets/Scripts/NPC 木板遊戲教成.asset using Guid(666982c1b6c56d740be68525afc2266b) Importer(815301076,1909f56bfc062723c751e8b465ee728b)  -> (artifact id: '1b33b37f17911cee1fa0f4f1e555ab52') in 0.019694 seconds 
  Import took 0.023028 seconds .

========================================================================
Received Import Request.
  Time since last request: 2.598034 seconds.
  path: Assets/Scripts/Treasure.cs
  artifactKey: Guid(d84c980ada5a2884694d7665f7b971c2) Importer(815301076,1909f56bfc062723c751e8b465ee728b)
Start importing Assets/Scripts/Treasure.cs using Guid(d84c980ada5a2884694d7665f7b971c2) Importer(815301076,1909f56bfc062723c751e8b465ee728b)  -> (artifact id: '064b49e72373cce2a6cb786722492b63') in 0.049877 seconds 
  Import took 0.053254 seconds .

========================================================================
Received Prepare
Registering precompiled user dll's ...
Registered in 0.006321 seconds.
Begin MonoManager ReloadAssembly
Native extension for WindowsStandalone target not found
Native extension for WebGL target not found
Refreshing native plugins compatible for Editor in 0.67 ms, found 3 plugins.
Preloading 0 native plugins for Editor in 0.00 ms.
Mono: successfully reloaded assembly
- Completed reload, in  1.715 seconds
Domain Reload Profiling:
	ReloadAssembly (1715ms)
		BeginReloadAssembly (209ms)
			ExecutionOrderSort (0ms)
			DisableScriptedObjects (11ms)
			BackupInstance (0ms)
			ReleaseScriptingObjects (0ms)
			CreateAndSetChildDomain (82ms)
		EndReloadAssembly (1402ms)
			LoadAssemblies (166ms)
			RebuildTransferFunctionScriptingTraits (0ms)
			SetupTypeCache (495ms)
			ReleaseScriptCaches (1ms)
			RebuildScriptCaches (101ms)
			SetupLoadedEditorAssemblies (487ms)
				LogAssemblyErrors (0ms)
				InitializePlatformSupportModulesInManaged (10ms)
				SetLoadedEditorAssemblies (2ms)
				RefreshPlugins (1ms)
				BeforeProcessingInitializeOnLoad (123ms)
				ProcessInitializeOnLoadAttributes (344ms)
				ProcessInitializeOnLoadMethodAttributes (6ms)
				AfterProcessingInitializeOnLoad (2ms)
				EditorAssembliesLoaded (0ms)
			ExecutionOrderSort2 (0ms)
			AwakeInstancesAfterBackupRestoration (22ms)
Platform modules already initialized, skipping
Refreshing native plugins compatible for Editor in 0.74 ms, found 3 plugins.
Preloading 0 native plugins for Editor in 0.00 ms.
Unloading 2242 Unused Serialized files (Serialized files now loaded: 0)
System memory in use before: 100.7 MB.
System memory in use after: 100.9 MB.

Unloading 15 unused Assets to reduce memory usage. Loaded Objects now: 2716.
Total: 4.147300 ms (FindLiveObjects: 0.278600 ms CreateObjectMapping: 0.110700 ms MarkObjects: 3.713400 ms  DeleteObjects: 0.042200 ms)

AssetImportParameters requested are different than current active one (requested -> active):
  custom:framework-win-MediaFoundation: 216162199b28c13a410421893ffa2e32 -> 
  custom:video-decoder-ogg-theora: a1e56fd34408186e4bbccfd4996cb3dc -> 
  custom:container-muxer-webm: aa71ff27fc2769a1b78a27578f13a17b -> 
  custom:container-demuxer-webm: 4f35f7cbe854078d1ac9338744f61a02 -> 
  custom:container-demuxer-ogg: 62fdf1f143b41e24485cea50d1cbac27 -> 
  custom:video-encoder-webm-vp8: eb34c28f22e8b96e1ab97ce403110664 -> 
  custom:video-decoder-webm-vp8: 9c59270c3fd7afecdb556c50c9e8de78 -> 
  custom:audio-decoder-ogg-vorbis: bf7c407c2cedff20999df2af8eb42d56 -> 
  custom:audio-encoder-webm-vorbis: bf7c407c2cedff20999df2af8eb42d56 -> 
========================================================================
Received Import Request.
  Time since last request: 648.233878 seconds.
  path: Assets/材質球/開始畫面天空.mat
  artifactKey: Guid(b181183614471d848b18aa04fdbce508) Importer(815301076,1909f56bfc062723c751e8b465ee728b)
Start importing Assets/材質球/開始畫面天空.mat using Guid(b181183614471d848b18aa04fdbce508) Importer(815301076,1909f56bfc062723c751e8b465ee728b)  -> (artifact id: '47c9be75ea0ba50a77e92c566dd257b0') in 0.663244 seconds 
  Import took 0.668953 seconds .

========================================================================
Received Import Request.
  Time since last request: 0.444271 seconds.
  path: Assets/場景素材/MovingPlatform.png
  artifactKey: Guid(7460461625808aa47be3065fadfc2740) Importer(815301076,1909f56bfc062723c751e8b465ee728b)
Start importing Assets/場景素材/MovingPlatform.png using Guid(7460461625808aa47be3065fadfc2740) Importer(815301076,1909f56bfc062723c751e8b465ee728b)  -> (artifact id: 'c1c23fb94e4e789f6ff6332fbcd6877a') in 0.777499 seconds 
  Import took 0.781021 seconds .

========================================================================
Received Import Request.
  Time since last request: 0.000345 seconds.
  path: Assets/場景素材/場景地板背景素材2_23.asset
  artifactKey: Guid(c9418630b2c387940bfbe7ad7c2276a0) Importer(815301076,1909f56bfc062723c751e8b465ee728b)
Start importing Assets/場景素材/場景地板背景素材2_23.asset using Guid(c9418630b2c387940bfbe7ad7c2276a0) Importer(815301076,1909f56bfc062723c751e8b465ee728b)  -> (artifact id: '4d8de8cdbe8ee63b6b139ecb3633a699') in 0.043380 seconds 
  Import took 0.053798 seconds .

========================================================================
Received Import Request.
  Time since last request: 0.000322 seconds.
  path: Assets/場景素材/場景地板背景素材 1.png
  artifactKey: Guid(f19e1f7b20721c34d8418d6a1641a9be) Importer(815301076,1909f56bfc062723c751e8b465ee728b)
Start importing Assets/場景素材/場景地板背景素材 1.png using Guid(f19e1f7b20721c34d8418d6a1641a9be) Importer(815301076,1909f56bfc062723c751e8b465ee728b)  -> (artifact id: '42b46452dd0a52d1668666a06080e7ef') in 0.100760 seconds 
  Import took 0.105134 seconds .

========================================================================
Received Import Request.
  Time since last request: 0.000268 seconds.
  path: Assets/場景素材/場景地板背景素材2.png
  artifactKey: Guid(ce2fbd80dce890443855f382a399f8ba) Importer(815301076,1909f56bfc062723c751e8b465ee728b)
Start importing Assets/場景素材/場景地板背景素材2.png using Guid(ce2fbd80dce890443855f382a399f8ba) Importer(815301076,1909f56bfc062723c751e8b465ee728b)  -> (artifact id: '51882349c6be933377f67b99d16d7283') in 0.095937 seconds 
  Import took 0.100245 seconds .

========================================================================
Received Import Request.
  Time since last request: 0.000289 seconds.
  path: Assets/場景素材/場景地板背景素材2_22.asset
  artifactKey: Guid(a07b13a01fb117b48b36a37ced6b76d5) Importer(815301076,1909f56bfc062723c751e8b465ee728b)
Start importing Assets/場景素材/場景地板背景素材2_22.asset using Guid(a07b13a01fb117b48b36a37ced6b76d5) Importer(815301076,1909f56bfc062723c751e8b465ee728b)  -> (artifact id: '88221bf9bfa99bdab8b85c399a56e047') in 0.014729 seconds 
  Import took 0.018102 seconds .

========================================================================
Received Import Request.
  Time since last request: 1.730357 seconds.
  path: Assets/素材/setofont.ttf
  artifactKey: Guid(67dbac336d82cc34f8fcfcf01ac9f097) Importer(815301076,1909f56bfc062723c751e8b465ee728b)
Start importing Assets/素材/setofont.ttf using Guid(67dbac336d82cc34f8fcfcf01ac9f097) Importer(815301076,1909f56bfc062723c751e8b465ee728b)  -> (artifact id: 'f60b06911902bd4ac4b4e03c88edb50a') in 0.827755 seconds 
  Import took 0.832678 seconds .

========================================================================
Received Import Request.
  Time since last request: 0.000356 seconds.
  path: Assets/素材/畫布對話系統.prefab
  artifactKey: Guid(dc9b52233c7a6c546a7b3d4a66bf10f5) Importer(815301076,1909f56bfc062723c751e8b465ee728b)
Start importing Assets/素材/畫布對話系統.prefab using Guid(dc9b52233c7a6c546a7b3d4a66bf10f5) Importer(815301076,1909f56bfc062723c751e8b465ee728b)  -> (artifact id: '4ac664e15a04db93570231b82c0a589f') in 0.030748 seconds 
  Import took 0.034562 seconds .

========================================================================
Received Import Request.
  Time since last request: 0.640173 seconds.
  path: Assets/調色盤/地形.prefab
  artifactKey: Guid(1e87d441ebd287a48a505818d2f097ee) Importer(815301076,1909f56bfc062723c751e8b465ee728b)
Start importing Assets/調色盤/地形.prefab using Guid(1e87d441ebd287a48a505818d2f097ee) Importer(815301076,1909f56bfc062723c751e8b465ee728b)  -> (artifact id: 'dbf16b2c4f0a3c0bc14c94449bf12a0d') in 0.220163 seconds 
  Import took 0.224152 seconds .

========================================================================
Received Import Request.
  Time since last request: 0.000437 seconds.
  path: Assets/調色盤/場景地板背景素材2_5.asset
  artifactKey: Guid(80f6b15c856e8b24ea3fc50b0bdb3383) Importer(815301076,1909f56bfc062723c751e8b465ee728b)
Start importing Assets/調色盤/場景地板背景素材2_5.asset using Guid(80f6b15c856e8b24ea3fc50b0bdb3383) Importer(815301076,1909f56bfc062723c751e8b465ee728b)  -> (artifact id: '2b4a23780bbbe2adb407e9dae5564047') in 0.057476 seconds 
  Import took 0.060785 seconds .

========================================================================
Received Import Request.
  Time since last request: 0.000353 seconds.
  path: Assets/調色盤/場景地板背景素材2_9.asset
  artifactKey: Guid(5b8af8bda70c6cb478a4ae7470123943) Importer(815301076,1909f56bfc062723c751e8b465ee728b)
Start importing Assets/調色盤/場景地板背景素材2_9.asset using Guid(5b8af8bda70c6cb478a4ae7470123943) Importer(815301076,1909f56bfc062723c751e8b465ee728b)  -> (artifact id: 'b61c537b5fd9878245cba35006fbaa13') in 0.056615 seconds 
  Import took 0.059660 seconds .

========================================================================
Received Import Request.
  Time since last request: 0.000307 seconds.
  path: Assets/調色盤/場景地板背景素材2_4.asset
  artifactKey: Guid(da7dec0de8e4b8642ba0504da56b373e) Importer(815301076,1909f56bfc062723c751e8b465ee728b)
Start importing Assets/調色盤/場景地板背景素材2_4.asset using Guid(da7dec0de8e4b8642ba0504da56b373e) Importer(815301076,1909f56bfc062723c751e8b465ee728b)  -> (artifact id: '2a26e35e475b8f3f6abb9933e8be2c38') in 0.046105 seconds 
  Import took 0.049049 seconds .

========================================================================
Received Import Request.
  Time since last request: 0.000217 seconds.
  path: Assets/調色盤/場景地板背景素材2_10.asset
  artifactKey: Guid(09516069c05923241b39167771e262d4) Importer(815301076,1909f56bfc062723c751e8b465ee728b)
Start importing Assets/調色盤/場景地板背景素材2_10.asset using Guid(09516069c05923241b39167771e262d4) Importer(815301076,1909f56bfc062723c751e8b465ee728b)  -> (artifact id: 'ef427b101eca09ea457aa3dfd312aa41') in 0.068929 seconds 
  Import took 0.071838 seconds .

========================================================================
Received Import Request.
  Time since last request: 0.000302 seconds.
  path: Assets/調色盤/場景地板背景素材2_6.asset
  artifactKey: Guid(bab56b85f83042b4ab3442d1c40d4f72) Importer(815301076,1909f56bfc062723c751e8b465ee728b)
Start importing Assets/調色盤/場景地板背景素材2_6.asset using Guid(bab56b85f83042b4ab3442d1c40d4f72) Importer(815301076,1909f56bfc062723c751e8b465ee728b)  -> (artifact id: '48ec228c1216a1d53abf0fc7abbca03c') in 0.017061 seconds 
  Import took 0.020070 seconds .

========================================================================
Received Import Request.
  Time since last request: 0.000351 seconds.
  path: Assets/調色盤/場景地板背景素材2_11.asset
  artifactKey: Guid(b3b7f74970d0bc146a3f395e663f7855) Importer(815301076,1909f56bfc062723c751e8b465ee728b)
Start importing Assets/調色盤/場景地板背景素材2_11.asset using Guid(b3b7f74970d0bc146a3f395e663f7855) Importer(815301076,1909f56bfc062723c751e8b465ee728b)  -> (artifact id: '64bd3d1cc7793c91bf85408b86c330c6') in 0.057757 seconds 
  Import took 0.061343 seconds .

========================================================================
Received Import Request.
  Time since last request: 0.000307 seconds.
  path: Assets/調色盤/場景地板背景素材2_7.asset
  artifactKey: Guid(c39f10f123dbe434884251d257e13c43) Importer(815301076,1909f56bfc062723c751e8b465ee728b)
Start importing Assets/調色盤/場景地板背景素材2_7.asset using Guid(c39f10f123dbe434884251d257e13c43) Importer(815301076,1909f56bfc062723c751e8b465ee728b)  -> (artifact id: '6c442eb75573f103fbffe67fd2cb2766') in 0.014456 seconds 
  Import took 0.017701 seconds .

========================================================================
Received Import Request.
  Time since last request: 0.000303 seconds.
  path: Assets/調色盤/場景地板背景素材2_15.asset
  artifactKey: Guid(9c15be39e6740fd4aacd86ab3120f93f) Importer(815301076,1909f56bfc062723c751e8b465ee728b)
Start importing Assets/調色盤/場景地板背景素材2_15.asset using Guid(9c15be39e6740fd4aacd86ab3120f93f) Importer(815301076,1909f56bfc062723c751e8b465ee728b)  -> (artifact id: '94d7220881d2c0c7e2ff31aa68ecc05b') in 0.016858 seconds 
  Import took 0.021157 seconds .

========================================================================
Received Import Request.
  Time since last request: 0.000490 seconds.
  path: Assets/調色盤/場景地板背景素材2_1.asset
  artifactKey: Guid(fa0b751ec427f9244bc5112be903361a) Importer(815301076,1909f56bfc062723c751e8b465ee728b)
Start importing Assets/調色盤/場景地板背景素材2_1.asset using Guid(fa0b751ec427f9244bc5112be903361a) Importer(815301076,1909f56bfc062723c751e8b465ee728b)  -> (artifact id: '28b4d7b1f04c1e742b39e37ce71ecb90') in 0.014855 seconds 
  Import took 0.020785 seconds .

========================================================================
Received Import Request.
  Time since last request: 0.000326 seconds.
  path: Assets/調色盤/場景地板背景素材2_14.asset
  artifactKey: Guid(ac953d305b4d4424790e8d113f622774) Importer(815301076,1909f56bfc062723c751e8b465ee728b)
Start importing Assets/調色盤/場景地板背景素材2_14.asset using Guid(ac953d305b4d4424790e8d113f622774) Importer(815301076,1909f56bfc062723c751e8b465ee728b)  -> (artifact id: 'b1327beb1cdf694fef0e2038693d32ca') in 0.062139 seconds 
  Import took 0.066010 seconds .

========================================================================
Received Import Request.
  Time since last request: 0.000322 seconds.
  path: Assets/調色盤/場景地板背景素材2_3.asset
  artifactKey: Guid(055bfab689851d24f938375d0dd37531) Importer(815301076,1909f56bfc062723c751e8b465ee728b)
Start importing Assets/調色盤/場景地板背景素材2_3.asset using Guid(055bfab689851d24f938375d0dd37531) Importer(815301076,1909f56bfc062723c751e8b465ee728b)  -> (artifact id: '2fae5863cd40a509182b34a95a75ce9a') in 0.014630 seconds 
  Import took 0.018317 seconds .

========================================================================
Received Import Request.
  Time since last request: 0.000342 seconds.
  path: Assets/調色盤/場景地板背景素材2_0.asset
  artifactKey: Guid(e25c93d0c7c2a9346a69591b9f89247d) Importer(815301076,1909f56bfc062723c751e8b465ee728b)
Start importing Assets/調色盤/場景地板背景素材2_0.asset using Guid(e25c93d0c7c2a9346a69591b9f89247d) Importer(815301076,1909f56bfc062723c751e8b465ee728b)  -> (artifact id: '27926e056c12bea80f587ba4034eedcf') in 0.015289 seconds 
  Import took 0.018738 seconds .

========================================================================
Received Import Request.
  Time since last request: 0.000236 seconds.
  path: Assets/調色盤/場景地板背景素材2_13.asset
  artifactKey: Guid(1ad05502c49f0154db50d479e4764c56) Importer(815301076,1909f56bfc062723c751e8b465ee728b)
Start importing Assets/調色盤/場景地板背景素材2_13.asset using Guid(1ad05502c49f0154db50d479e4764c56) Importer(815301076,1909f56bfc062723c751e8b465ee728b)  -> (artifact id: 'b1193234f21d46b1eb7c550de18accbd') in 0.050897 seconds 
  Import took 0.054462 seconds .

========================================================================
Received Import Request.
  Time since last request: 0.000311 seconds.
  path: Assets/調色盤/場景地板背景素材2_16.asset
  artifactKey: Guid(79f33033c8bc3aa4fa89358a03d75478) Importer(815301076,1909f56bfc062723c751e8b465ee728b)
Start importing Assets/調色盤/場景地板背景素材2_16.asset using Guid(79f33033c8bc3aa4fa89358a03d75478) Importer(815301076,1909f56bfc062723c751e8b465ee728b)  -> (artifact id: '1ec52b7c6b96f2991613dc5d4973b167') in 0.056487 seconds 
  Import took 0.060337 seconds .

========================================================================
Received Import Request.
  Time since last request: 0.000254 seconds.
  path: Assets/調色盤/場景地板背景素材2_2.asset
  artifactKey: Guid(6f16a653f48c8204986a7ba67b07b280) Importer(815301076,1909f56bfc062723c751e8b465ee728b)
Start importing Assets/調色盤/場景地板背景素材2_2.asset using Guid(6f16a653f48c8204986a7ba67b07b280) Importer(815301076,1909f56bfc062723c751e8b465ee728b)  -> (artifact id: 'a642fdb80bfe35c55d6bdf1ced20e73a') in 0.059757 seconds 
  Import took 0.065044 seconds .

========================================================================
Received Import Request.
  Time since last request: 0.248267 seconds.
  path: Assets/調色盤/場景地板背景素材2_17.asset
  artifactKey: Guid(e2e8ad55097179741a998e0162b26c4f) Importer(815301076,1909f56bfc062723c751e8b465ee728b)
Start importing Assets/調色盤/場景地板背景素材2_17.asset using Guid(e2e8ad55097179741a998e0162b26c4f) Importer(815301076,1909f56bfc062723c751e8b465ee728b)  -> (artifact id: '1810b4d95bb56d405f19559864596cc0') in 0.454506 seconds 
  Import took 0.457717 seconds .

========================================================================
Received Import Request.
  Time since last request: 0.000364 seconds.
  path: Assets/調色盤/場景地板背景素材2_18.asset
  artifactKey: Guid(464205eecbc8fc74da9ca48548f2a79c) Importer(815301076,1909f56bfc062723c751e8b465ee728b)
Start importing Assets/調色盤/場景地板背景素材2_18.asset using Guid(464205eecbc8fc74da9ca48548f2a79c) Importer(815301076,1909f56bfc062723c751e8b465ee728b)  -> (artifact id: '6d9aa3ab730719801b4774921eabb867') in 0.057798 seconds 
  Import took 0.060688 seconds .

========================================================================
Received Import Request.
  Time since last request: 0.000287 seconds.
  path: Assets/調色盤/場景地板背景素材2_23.asset
  artifactKey: Guid(1c5023940daf05b45b06cc248643cfb6) Importer(815301076,1909f56bfc062723c751e8b465ee728b)
Start importing Assets/調色盤/場景地板背景素材2_23.asset using Guid(1c5023940daf05b45b06cc248643cfb6) Importer(815301076,1909f56bfc062723c751e8b465ee728b)  -> (artifact id: 'd5ca363bea7f03d1f6fe0282b65ae133') in 0.010864 seconds 
  Import took 0.027430 seconds .

========================================================================
Received Import Request.
  Time since last request: 0.000594 seconds.
  path: Assets/調色盤/場景地板背景素材2_21.asset
  artifactKey: Guid(948517dccbfdf75419da33cab15cc65c) Importer(815301076,1909f56bfc062723c751e8b465ee728b)
Start importing Assets/調色盤/場景地板背景素材2_21.asset using Guid(948517dccbfdf75419da33cab15cc65c) Importer(815301076,1909f56bfc062723c751e8b465ee728b)  -> (artifact id: '84ba35d150ed7657cd64c0c43cebdaaa') in 0.017416 seconds 
  Import took 0.021451 seconds .

========================================================================
Received Import Request.
  Time since last request: 0.000302 seconds.
  path: Assets/調色盤/場景地板背景素材2_20.asset
  artifactKey: Guid(2b46a6427d72c394692e9d18b10ce556) Importer(815301076,1909f56bfc062723c751e8b465ee728b)
Start importing Assets/調色盤/場景地板背景素材2_20.asset using Guid(2b46a6427d72c394692e9d18b10ce556) Importer(815301076,1909f56bfc062723c751e8b465ee728b)  -> (artifact id: '79ece81d685b8c8ad0791ac14057594a') in 0.062906 seconds 
  Import took 0.065967 seconds .

========================================================================
Received Import Request.
  Time since last request: 0.000353 seconds.
  path: Assets/調色盤/場景地板背景素材2_22.asset
  artifactKey: Guid(9c18c37278b26014e80b67ffa49e82b4) Importer(815301076,1909f56bfc062723c751e8b465ee728b)
Start importing Assets/調色盤/場景地板背景素材2_22.asset using Guid(9c18c37278b26014e80b67ffa49e82b4) Importer(815301076,1909f56bfc062723c751e8b465ee728b)  -> (artifact id: '889bacec7e5f209d8d5d6947d341e57e') in 0.013156 seconds 
  Import took 0.016184 seconds .

========================================================================
Received Import Request.
  Time since last request: 2.221724 seconds.
  path: Assets/調色盤/場景地板背景素材2_24.asset
  artifactKey: Guid(550fc4bd76f5f094184a2060703b1d65) Importer(815301076,1909f56bfc062723c751e8b465ee728b)
Start importing Assets/調色盤/場景地板背景素材2_24.asset using Guid(550fc4bd76f5f094184a2060703b1d65) Importer(815301076,1909f56bfc062723c751e8b465ee728b)  -> (artifact id: '9639d922edc6dc0fe29084a40dd521b7') in 0.017399 seconds 
  Import took 0.021724 seconds .

========================================================================
Received Import Request.
  Time since last request: 0.000534 seconds.
  path: Assets/調色盤/場景地板背景素材2_25.asset
  artifactKey: Guid(86303e3e563386d41b9940b34acad6f0) Importer(815301076,1909f56bfc062723c751e8b465ee728b)
Start importing Assets/調色盤/場景地板背景素材2_25.asset using Guid(86303e3e563386d41b9940b34acad6f0) Importer(815301076,1909f56bfc062723c751e8b465ee728b)  -> (artifact id: 'ccef8c6349cf6e9554c37c0db183e10b') in 0.014057 seconds 
  Import took 0.019452 seconds .

========================================================================
Received Import Request.
  Time since last request: 0.000323 seconds.
  path: Assets/調色盤/場景地板背景素材2_26.asset
  artifactKey: Guid(af1eb17e4238f594c83af855dbbe5e26) Importer(815301076,1909f56bfc062723c751e8b465ee728b)
Start importing Assets/調色盤/場景地板背景素材2_26.asset using Guid(af1eb17e4238f594c83af855dbbe5e26) Importer(815301076,1909f56bfc062723c751e8b465ee728b)  -> (artifact id: '1246160c93e689466327f906decae55a') in 0.016118 seconds 
  Import took 0.019568 seconds .

========================================================================
Received Import Request.
  Time since last request: 0.257473 seconds.
  path: Assets/調色盤/場景地板背景素材2_32.asset
  artifactKey: Guid(c3faf50a7bafa27408ab21dc9d5bdbc7) Importer(815301076,1909f56bfc062723c751e8b465ee728b)
Start importing Assets/調色盤/場景地板背景素材2_32.asset using Guid(c3faf50a7bafa27408ab21dc9d5bdbc7) Importer(815301076,1909f56bfc062723c751e8b465ee728b)  -> (artifact id: '451484d5a8e5b16234f1a773c93d1c61') in 0.016332 seconds 
  Import took 0.020756 seconds .

========================================================================
Received Import Request.
  Time since last request: 0.000509 seconds.
  path: Assets/調色盤/場景地板背景素材2_33.asset
  artifactKey: Guid(112d97783c5c6cf4f92e7225af2a7859) Importer(815301076,1909f56bfc062723c751e8b465ee728b)
Start importing Assets/調色盤/場景地板背景素材2_33.asset using Guid(112d97783c5c6cf4f92e7225af2a7859) Importer(815301076,1909f56bfc062723c751e8b465ee728b)  -> (artifact id: '10b2de6933a89fb0aca484cccd39c0bb') in 0.081968 seconds 
  Import took 0.085500 seconds .

========================================================================
Received Import Request.
  Time since last request: 0.000272 seconds.
  path: Assets/調色盤/場景地板背景素材2_34.asset
  artifactKey: Guid(5bba1377b830a5c4ba1219888d041e44) Importer(815301076,1909f56bfc062723c751e8b465ee728b)
Start importing Assets/調色盤/場景地板背景素材2_34.asset using Guid(5bba1377b830a5c4ba1219888d041e44) Importer(815301076,1909f56bfc062723c751e8b465ee728b)  -> (artifact id: 'a94517536ce9f757a7c63537264bee38') in 0.048188 seconds 
  Import took 0.051140 seconds .

========================================================================
Received Import Request.
  Time since last request: 0.000300 seconds.
  path: Assets/調色盤/場景地板背景素材_0.asset
  artifactKey: Guid(dbab9d80059adab4d96fd6bcb3f6ec65) Importer(815301076,1909f56bfc062723c751e8b465ee728b)
Start importing Assets/調色盤/場景地板背景素材_0.asset using Guid(dbab9d80059adab4d96fd6bcb3f6ec65) Importer(815301076,1909f56bfc062723c751e8b465ee728b)  -> (artifact id: '374b5088af938d3d67049dc26d8a4236') in 0.011703 seconds 
  Import took 0.014885 seconds .

========================================================================
Received Import Request.
  Time since last request: 0.000284 seconds.
  path: Assets/調色盤/場景地板背景素材_0 1.asset
  artifactKey: Guid(75fa7fb8f9a58a44f93313208805f9ee) Importer(815301076,1909f56bfc062723c751e8b465ee728b)
Start importing Assets/調色盤/場景地板背景素材_0 1.asset using Guid(75fa7fb8f9a58a44f93313208805f9ee) Importer(815301076,1909f56bfc062723c751e8b465ee728b)  -> (artifact id: '3414a17efdaa5ad56030e6282cd71a56') in 0.015272 seconds 
  Import took 0.018402 seconds .

========================================================================
Received Import Request.
  Time since last request: 0.000331 seconds.
  path: Assets/調色盤/場景地板背景素材2_42.asset
  artifactKey: Guid(f6b5a33016736234d981a749f77cd5a0) Importer(815301076,1909f56bfc062723c751e8b465ee728b)
Start importing Assets/調色盤/場景地板背景素材2_42.asset using Guid(f6b5a33016736234d981a749f77cd5a0) Importer(815301076,1909f56bfc062723c751e8b465ee728b)  -> (artifact id: 'b4545c0786f2d21cd6a9d6fda2b23abb') in 0.013209 seconds 
  Import took 0.016280 seconds .

========================================================================
Received Import Request.
  Time since last request: 0.117014 seconds.
  path: Assets/調色盤/場景地板背景素材_1 1.asset
  artifactKey: Guid(8bf870522bc7d314ca57ed65a6ec5e23) Importer(815301076,1909f56bfc062723c751e8b465ee728b)
Start importing Assets/調色盤/場景地板背景素材_1 1.asset using Guid(8bf870522bc7d314ca57ed65a6ec5e23) Importer(815301076,1909f56bfc062723c751e8b465ee728b)  -> (artifact id: 'eb563248ae5ecbc364b5fdf78848ce5a') in 0.022938 seconds 
  Import took 0.028233 seconds .

========================================================================
Received Import Request.
  Time since last request: 0.000430 seconds.
  path: Assets/調色盤/場景地板背景素材_2.asset
  artifactKey: Guid(dd9a2531aebe6594ba4ca0a526c2aa4b) Importer(815301076,1909f56bfc062723c751e8b465ee728b)
Start importing Assets/調色盤/場景地板背景素材_2.asset using Guid(dd9a2531aebe6594ba4ca0a526c2aa4b) Importer(815301076,1909f56bfc062723c751e8b465ee728b)  -> (artifact id: '08f247f4d675c7f612a703654224c1dc') in 0.014014 seconds 
  Import took 0.018059 seconds .

========================================================================
Received Import Request.
  Time since last request: 0.000300 seconds.
  path: Assets/調色盤/場景地板背景素材_1.asset
  artifactKey: Guid(fc82711fe26c24544b001e0315b17c7b) Importer(815301076,1909f56bfc062723c751e8b465ee728b)
Start importing Assets/調色盤/場景地板背景素材_1.asset using Guid(fc82711fe26c24544b001e0315b17c7b) Importer(815301076,1909f56bfc062723c751e8b465ee728b)  -> (artifact id: '96f515c16ce29594e5b46e79daeff20c') in 0.016777 seconds 
  Import took 0.020721 seconds .

========================================================================
Received Import Request.
  Time since last request: 0.000300 seconds.
  path: Assets/調色盤/場景地板背景素材_3 1.asset
  artifactKey: Guid(20b770fb796497746aac2f5f0585d0f0) Importer(815301076,1909f56bfc062723c751e8b465ee728b)
Start importing Assets/調色盤/場景地板背景素材_3 1.asset using Guid(20b770fb796497746aac2f5f0585d0f0) Importer(815301076,1909f56bfc062723c751e8b465ee728b)  -> (artifact id: '2e242e6c6987f391dc65aeeab7e2ba51') in 0.016403 seconds 
  Import took 0.019690 seconds .

========================================================================
Received Import Request.
  Time since last request: 0.000302 seconds.
  path: Assets/調色盤/場景地板背景素材_4.asset
  artifactKey: Guid(6492299bb8b7231438e038172824d0b1) Importer(815301076,1909f56bfc062723c751e8b465ee728b)
Start importing Assets/調色盤/場景地板背景素材_4.asset using Guid(6492299bb8b7231438e038172824d0b1) Importer(815301076,1909f56bfc062723c751e8b465ee728b)  -> (artifact id: '8f22702443e2964ca19c52f5fa6b4619') in 0.053655 seconds 
  Import took 0.058027 seconds .

========================================================================
Received Import Request.
  Time since last request: 0.000286 seconds.
  path: Assets/調色盤/場景地板背景素材_5.asset
  artifactKey: Guid(9e13cdd8692392745b19b3881a17e8be) Importer(815301076,1909f56bfc062723c751e8b465ee728b)
Start importing Assets/調色盤/場景地板背景素材_5.asset using Guid(9e13cdd8692392745b19b3881a17e8be) Importer(815301076,1909f56bfc062723c751e8b465ee728b)  -> (artifact id: '439f7df906f05cb9eef63c8d1e8b0f78') in 0.055547 seconds 
  Import took 0.059425 seconds .

========================================================================
Received Import Request.
  Time since last request: 0.000341 seconds.
  path: Assets/調色盤/場景地板背景素材_3.asset
  artifactKey: Guid(30960c2e5dfda6f439e3ca6d21da88f4) Importer(815301076,1909f56bfc062723c751e8b465ee728b)
Start importing Assets/調色盤/場景地板背景素材_3.asset using Guid(30960c2e5dfda6f439e3ca6d21da88f4) Importer(815301076,1909f56bfc062723c751e8b465ee728b)  -> (artifact id: 'bcd9fb4fe74a0579b228b67f2cbcc3b6') in 0.014012 seconds 
  Import took 0.018680 seconds .

========================================================================
Received Import Request.
  Time since last request: 0.000463 seconds.
  path: Assets/調色盤/場景地板背景素材_2 1.asset
  artifactKey: Guid(840939d3e04e65340bfaa9361f70c180) Importer(815301076,1909f56bfc062723c751e8b465ee728b)
Start importing Assets/調色盤/場景地板背景素材_2 1.asset using Guid(840939d3e04e65340bfaa9361f70c180) Importer(815301076,1909f56bfc062723c751e8b465ee728b)  -> (artifact id: 'f19ca0db37ae19d6c8351efead7bacb7') in 0.013908 seconds 
  Import took 0.019306 seconds .

========================================================================
Received Import Request.
  Time since last request: 0.000324 seconds.
  path: Assets/調色盤/場景地板背景素材_6.asset
  artifactKey: Guid(096f92b9f6028e34596db87972218a20) Importer(815301076,1909f56bfc062723c751e8b465ee728b)
Start importing Assets/調色盤/場景地板背景素材_6.asset using Guid(096f92b9f6028e34596db87972218a20) Importer(815301076,1909f56bfc062723c751e8b465ee728b)  -> (artifact id: '44efe275e40a92421e4ebfa8f535bc2d') in 0.051043 seconds 
  Import took 0.054495 seconds .

========================================================================
Received Import Request.
  Time since last request: 0.041233 seconds.
  path: Assets/調色盤/場景地板背景素材_7.asset
  artifactKey: Guid(d2195398a92d9cf4e8061968c91d1d52) Importer(815301076,1909f56bfc062723c751e8b465ee728b)
Start importing Assets/調色盤/場景地板背景素材_7.asset using Guid(d2195398a92d9cf4e8061968c91d1d52) Importer(815301076,1909f56bfc062723c751e8b465ee728b)  -> (artifact id: 'bd035c7f39b629532e1d87d70c8dfbd5') in 0.010884 seconds 
  Import took 0.016480 seconds .

========================================================================
Received Import Request.
  Time since last request: 0.000418 seconds.
  path: Assets/調色盤/場景地板背景素材_9.asset
  artifactKey: Guid(eb5a4d6e13ce3304aa8a9f82cde23ed7) Importer(815301076,1909f56bfc062723c751e8b465ee728b)
Start importing Assets/調色盤/場景地板背景素材_9.asset using Guid(eb5a4d6e13ce3304aa8a9f82cde23ed7) Importer(815301076,1909f56bfc062723c751e8b465ee728b)  -> (artifact id: 'eee96f805257e8ab7bc631c82be2d62b') in 0.011256 seconds 
  Import took 0.017075 seconds .

========================================================================
Received Import Request.
  Time since last request: 0.001093 seconds.
  path: Assets/調色盤/場景地板背景素材_8.asset
  artifactKey: Guid(d9a9f1cb203573f4fac9b1b2339ac44c) Importer(815301076,1909f56bfc062723c751e8b465ee728b)
Start importing Assets/調色盤/場景地板背景素材_8.asset using Guid(d9a9f1cb203573f4fac9b1b2339ac44c) Importer(815301076,1909f56bfc062723c751e8b465ee728b)  -> (artifact id: 'a1dd7674d46831204fba30d532f96aad') in 0.012033 seconds 
  Import took 0.017681 seconds .

========================================================================
Received Import Request.
  Time since last request: 0.022749 seconds.
  path: Assets/調色盤/場景地板背景素材_10.asset
  artifactKey: Guid(58d36a8292f3bbc45a4bc8cabf335eba) Importer(815301076,1909f56bfc062723c751e8b465ee728b)
Start importing Assets/調色盤/場景地板背景素材_10.asset using Guid(58d36a8292f3bbc45a4bc8cabf335eba) Importer(815301076,1909f56bfc062723c751e8b465ee728b)  -> (artifact id: 'c8b7008cd121c6e005cd2b0e54e64a3a') in 0.013235 seconds 
  Import took 0.016657 seconds .

========================================================================
Received Import Request.
  Time since last request: 0.000317 seconds.
  path: Assets/調色盤/場景地板背景素材_12.asset
  artifactKey: Guid(d9c42baf68970d04e84c85c9e850d9da) Importer(815301076,1909f56bfc062723c751e8b465ee728b)
Start importing Assets/調色盤/場景地板背景素材_12.asset using Guid(d9c42baf68970d04e84c85c9e850d9da) Importer(815301076,1909f56bfc062723c751e8b465ee728b)  -> (artifact id: '80477f51afba777c0ada25140c3dc013') in 0.054359 seconds 
  Import took 0.057960 seconds .

========================================================================
Received Import Request.
  Time since last request: 0.000328 seconds.
  path: Assets/調色盤/場景地板背景素材_11.asset
  artifactKey: Guid(ba55d2dc8473d5b4085e78f2f7452d4e) Importer(815301076,1909f56bfc062723c751e8b465ee728b)
Start importing Assets/調色盤/場景地板背景素材_11.asset using Guid(ba55d2dc8473d5b4085e78f2f7452d4e) Importer(815301076,1909f56bfc062723c751e8b465ee728b)  -> (artifact id: '7ace4346e61f61c8c91501872d01df8a') in 0.057400 seconds 
  Import took 0.062566 seconds .

========================================================================
Received Import Request.
  Time since last request: 0.094822 seconds.
  path: Assets/調色盤/場景地板背景素材_13.asset
  artifactKey: Guid(e4ecc7ac9eaa9b6409be71e2a198ea32) Importer(815301076,1909f56bfc062723c751e8b465ee728b)
Start importing Assets/調色盤/場景地板背景素材_13.asset using Guid(e4ecc7ac9eaa9b6409be71e2a198ea32) Importer(815301076,1909f56bfc062723c751e8b465ee728b)  -> (artifact id: 'd3f2858dd09e5bf34c43a13c952ae7a9') in 0.047299 seconds 
  Import took 0.051065 seconds .

========================================================================
Received Import Request.
  Time since last request: 0.000301 seconds.
  path: Assets/調色盤/場景地板背景素材_17.asset
  artifactKey: Guid(52a5f0e40a6b0564f8615b4119856fc6) Importer(815301076,1909f56bfc062723c751e8b465ee728b)
Start importing Assets/調色盤/場景地板背景素材_17.asset using Guid(52a5f0e40a6b0564f8615b4119856fc6) Importer(815301076,1909f56bfc062723c751e8b465ee728b)  -> (artifact id: 'abc8c9fadc782a2d1da1a80fd90a74a0') in 0.012747 seconds 
  Import took 0.029348 seconds .

========================================================================
Received Import Request.
  Time since last request: 0.000305 seconds.
  path: Assets/調色盤/場景地板背景素材_16.asset
  artifactKey: Guid(85971214be3a8544eb875c768182c19b) Importer(815301076,1909f56bfc062723c751e8b465ee728b)
Start importing Assets/調色盤/場景地板背景素材_16.asset using Guid(85971214be3a8544eb875c768182c19b) Importer(815301076,1909f56bfc062723c751e8b465ee728b)  -> (artifact id: '32f25adbef2410fbe6a4d36fe9728573') in 0.013767 seconds 
  Import took 0.017000 seconds .

========================================================================
Received Import Request.
  Time since last request: 0.000235 seconds.
  path: Assets/調色盤/場景地板背景素材_15.asset
  artifactKey: Guid(063eb12e9a780c1408351fe99565e5f3) Importer(815301076,1909f56bfc062723c751e8b465ee728b)
Start importing Assets/調色盤/場景地板背景素材_15.asset using Guid(063eb12e9a780c1408351fe99565e5f3) Importer(815301076,1909f56bfc062723c751e8b465ee728b)  -> (artifact id: '9083bcd106e07c247cc516075ca19466') in 0.012558 seconds 
  Import took 0.015727 seconds .

========================================================================
Received Import Request.
  Time since last request: 0.000261 seconds.
  path: Assets/調色盤/場景地板背景素材_14.asset
  artifactKey: Guid(5d5642c08cac24b41abcdb15dc0ac3b8) Importer(815301076,1909f56bfc062723c751e8b465ee728b)
Start importing Assets/調色盤/場景地板背景素材_14.asset using Guid(5d5642c08cac24b41abcdb15dc0ac3b8) Importer(815301076,1909f56bfc062723c751e8b465ee728b)  -> (artifact id: 'c9778d59a5e2d1a7db1d5c70e661f0da') in 0.012270 seconds 
  Import took 0.015815 seconds .

========================================================================
Received Import Request.
  Time since last request: 0.000274 seconds.
  path: Assets/調色盤/場景地板背景素材_18.asset
  artifactKey: Guid(3d9a90abab525c24399f3c137c0abec1) Importer(815301076,1909f56bfc062723c751e8b465ee728b)
Start importing Assets/調色盤/場景地板背景素材_18.asset using Guid(3d9a90abab525c24399f3c137c0abec1) Importer(815301076,1909f56bfc062723c751e8b465ee728b)  -> (artifact id: '88cf1a101c04049433b800954bf5c74d') in 0.054699 seconds 
  Import took 0.058582 seconds .

========================================================================
Received Import Request.
  Time since last request: 0.112521 seconds.
  path: Assets/調色盤/場景地板背景素材_19.asset
  artifactKey: Guid(d4a16be8f5a12014dba1057aced2576f) Importer(815301076,1909f56bfc062723c751e8b465ee728b)
Start importing Assets/調色盤/場景地板背景素材_19.asset using Guid(d4a16be8f5a12014dba1057aced2576f) Importer(815301076,1909f56bfc062723c751e8b465ee728b)  -> (artifact id: '518911de6426ae0012377b870ab529dc') in 0.014537 seconds 
  Import took 0.018416 seconds .

========================================================================
Received Import Request.
  Time since last request: 0.000277 seconds.
  path: Assets/調色盤/場景地板背景素材_20.asset
  artifactKey: Guid(094f7eb0a7b2b0641981edba934190fb) Importer(815301076,1909f56bfc062723c751e8b465ee728b)
Start importing Assets/調色盤/場景地板背景素材_20.asset using Guid(094f7eb0a7b2b0641981edba934190fb) Importer(815301076,1909f56bfc062723c751e8b465ee728b)  -> (artifact id: 'daa9a106ac08b6795be308e091587925') in 0.010082 seconds 
  Import took 0.013776 seconds .

========================================================================
Received Import Request.
  Time since last request: 0.000259 seconds.
  path: Assets/調色盤/場景地板背景素材_21.asset
  artifactKey: Guid(a6e2d14b761cf844d8327af9cdccfe78) Importer(815301076,1909f56bfc062723c751e8b465ee728b)
Start importing Assets/調色盤/場景地板背景素材_21.asset using Guid(a6e2d14b761cf844d8327af9cdccfe78) Importer(815301076,1909f56bfc062723c751e8b465ee728b)  -> (artifact id: 'cc68e39c04b485718b85da3b6179b981') in 0.055789 seconds 
  Import took 0.059416 seconds .

========================================================================
Received Import Request.
  Time since last request: 0.186571 seconds.
  path: Assets/調色盤/場景地板背景素材_22.asset
  artifactKey: Guid(26aab4a0081fe64419d32ecb5b894b09) Importer(815301076,1909f56bfc062723c751e8b465ee728b)
Start importing Assets/調色盤/場景地板背景素材_22.asset using Guid(26aab4a0081fe64419d32ecb5b894b09) Importer(815301076,1909f56bfc062723c751e8b465ee728b)  -> (artifact id: '8ee50a93f42b1e8105dcadc01b31e403') in 0.012056 seconds 
  Import took 0.015341 seconds .

========================================================================
Received Import Request.
  Time since last request: 0.000296 seconds.
  path: Assets/調色盤/場景地板背景素材_24.asset
  artifactKey: Guid(a2302651c2eb9544e99f17d857eb296d) Importer(815301076,1909f56bfc062723c751e8b465ee728b)
Start importing Assets/調色盤/場景地板背景素材_24.asset using Guid(a2302651c2eb9544e99f17d857eb296d) Importer(815301076,1909f56bfc062723c751e8b465ee728b)  -> (artifact id: 'ec26105811856b7b90c7a664f5916663') in 0.011974 seconds 
  Import took 0.016698 seconds .

========================================================================
Received Import Request.
  Time since last request: 0.000308 seconds.
  path: Assets/調色盤/場景地板背景素材_27.asset
  artifactKey: Guid(8d768e845d9f1614e88d93877d714009) Importer(815301076,1909f56bfc062723c751e8b465ee728b)
Start importing Assets/調色盤/場景地板背景素材_27.asset using Guid(8d768e845d9f1614e88d93877d714009) Importer(815301076,1909f56bfc062723c751e8b465ee728b)  -> (artifact id: '7960b9c2fe05cc2de62e8d0595e9233c') in 0.012193 seconds 
  Import took 0.015758 seconds .

========================================================================
Received Import Request.
  Time since last request: 0.000313 seconds.
  path: Assets/調色盤/場景地板背景素材_26.asset
  artifactKey: Guid(9449db2bd11d30e458d34e7325ea0754) Importer(815301076,1909f56bfc062723c751e8b465ee728b)
Start importing Assets/調色盤/場景地板背景素材_26.asset using Guid(9449db2bd11d30e458d34e7325ea0754) Importer(815301076,1909f56bfc062723c751e8b465ee728b)  -> (artifact id: '379583779db406d14a0095a8623e203b') in 0.016826 seconds 
  Import took 0.020282 seconds .

========================================================================
Received Import Request.
  Time since last request: 0.000420 seconds.
  path: Assets/調色盤/場景地板背景素材_23.asset
  artifactKey: Guid(5667365e7c981a848a8f8b064b905e90) Importer(815301076,1909f56bfc062723c751e8b465ee728b)
Start importing Assets/調色盤/場景地板背景素材_23.asset using Guid(5667365e7c981a848a8f8b064b905e90) Importer(815301076,1909f56bfc062723c751e8b465ee728b)  -> (artifact id: 'bc456a544e8d90df72a343b66ca44f1a') in 0.013881 seconds 
  Import took 0.017735 seconds .

========================================================================
Received Import Request.
  Time since last request: 0.000392 seconds.
  path: Assets/調色盤/場景地板背景素材_25.asset
  artifactKey: Guid(99516ef588b3a6641a3a1805b77e6231) Importer(815301076,1909f56bfc062723c751e8b465ee728b)
Start importing Assets/調色盤/場景地板背景素材_25.asset using Guid(99516ef588b3a6641a3a1805b77e6231) Importer(815301076,1909f56bfc062723c751e8b465ee728b)  -> (artifact id: '34c405d2ae8b2547d819d934ccda56fa') in 0.013747 seconds 
  Import took 0.018613 seconds .

========================================================================
Received Import Request.
  Time since last request: 0.185326 seconds.
  path: Assets/調色盤/場景地板背景素材_28.asset
  artifactKey: Guid(45ce8fce307466a489f92d2d5bc2726f) Importer(815301076,1909f56bfc062723c751e8b465ee728b)
Start importing Assets/調色盤/場景地板背景素材_28.asset using Guid(45ce8fce307466a489f92d2d5bc2726f) Importer(815301076,1909f56bfc062723c751e8b465ee728b)  -> (artifact id: '1bf3aa675fe51f52d83db7daddd9b0d0') in 0.011692 seconds 
  Import took 0.015681 seconds .

========================================================================
Received Import Request.
  Time since last request: 0.000307 seconds.
  path: Assets/調色盤/場景地板背景素材_30.asset
  artifactKey: Guid(dd01b21f6dc999b4ba31a11734452ede) Importer(815301076,1909f56bfc062723c751e8b465ee728b)
Start importing Assets/調色盤/場景地板背景素材_30.asset using Guid(dd01b21f6dc999b4ba31a11734452ede) Importer(815301076,1909f56bfc062723c751e8b465ee728b)  -> (artifact id: 'e45f789e4422e0028dd43ceb6dcfd194') in 0.029895 seconds 
  Import took 0.034444 seconds .

========================================================================
Received Import Request.
  Time since last request: 0.000694 seconds.
  path: Assets/調色盤/場景地板背景素材_29.asset
  artifactKey: Guid(114655df34c95a74faa04ceaa91d301b) Importer(815301076,1909f56bfc062723c751e8b465ee728b)
Start importing Assets/調色盤/場景地板背景素材_29.asset using Guid(114655df34c95a74faa04ceaa91d301b) Importer(815301076,1909f56bfc062723c751e8b465ee728b)  -> (artifact id: '8c63c217b85fe8ae77c66fb3352bf152') in 0.012490 seconds 
  Import took 0.017776 seconds .

========================================================================
Received Import Request.
  Time since last request: 0.227751 seconds.
  path: Assets/調色盤/場景地板背景素材_31.asset
  artifactKey: Guid(c12691c5b35dd2d42ac7920cc4665955) Importer(815301076,1909f56bfc062723c751e8b465ee728b)
Start importing Assets/調色盤/場景地板背景素材_31.asset using Guid(c12691c5b35dd2d42ac7920cc4665955) Importer(815301076,1909f56bfc062723c751e8b465ee728b)  -> (artifact id: '40f18a693bf709e319fc946a36940a0a') in 0.017373 seconds 
  Import took 0.021628 seconds .

========================================================================
Received Import Request.
  Time since last request: 0.000408 seconds.
  path: Assets/調色盤/場景地板背景素材_32.asset
  artifactKey: Guid(7ad21631205efa448a297a3731f81602) Importer(815301076,1909f56bfc062723c751e8b465ee728b)
Start importing Assets/調色盤/場景地板背景素材_32.asset using Guid(7ad21631205efa448a297a3731f81602) Importer(815301076,1909f56bfc062723c751e8b465ee728b)  -> (artifact id: '3047434ad6d8c97fd5ed70850bf9e57a') in 0.010542 seconds 
  Import took 0.014489 seconds .

========================================================================
Received Import Request.
  Time since last request: 0.000618 seconds.
  path: Assets/調色盤/小裝飾.prefab
  artifactKey: Guid(fb6a63577a1c66d4ea04c778d9935654) Importer(815301076,1909f56bfc062723c751e8b465ee728b)
Start importing Assets/調色盤/小裝飾.prefab using Guid(fb6a63577a1c66d4ea04c778d9935654) Importer(815301076,1909f56bfc062723c751e8b465ee728b)  -> (artifact id: 'b24e598a6fa3d2a8b6c9c6780364a932') in 0.020605 seconds 
  Import took 0.025097 seconds .

========================================================================
Received Import Request.
  Time since last request: 0.012885 seconds.
  path: Assets/調色盤/背景.prefab
  artifactKey: Guid(4756d70b8fee28944b0aae5705c142b8) Importer(815301076,1909f56bfc062723c751e8b465ee728b)
Start importing Assets/調色盤/背景.prefab using Guid(4756d70b8fee28944b0aae5705c142b8) Importer(815301076,1909f56bfc062723c751e8b465ee728b)  -> (artifact id: '1a9e879a8324129c4f86caeee854b2ca') in 0.027706 seconds 
  Import took 0.032087 seconds .

========================================================================
Received Import Request.
  Time since last request: 14.919116 seconds.
  path: Assets/圖片/308DE840-2964-4ABE-9D9B-61354849B926.png
  artifactKey: Guid(61cd20759444579438b84c7cc3516fe1) Importer(815301076,1909f56bfc062723c751e8b465ee728b)
Start importing Assets/圖片/308DE840-2964-4ABE-9D9B-61354849B926.png using Guid(61cd20759444579438b84c7cc3516fe1) Importer(815301076,1909f56bfc062723c751e8b465ee728b)  -> (artifact id: '100cc401a6f734f295bdb71dcbe74d12') in 0.107697 seconds 
  Import took 0.112218 seconds .

========================================================================
Received Import Request.
  Time since last request: 0.000456 seconds.
  path: Assets/圖片/三角形.png
  artifactKey: Guid(faea73d97cecc0640b075816e5704d37) Importer(815301076,1909f56bfc062723c751e8b465ee728b)
Start importing Assets/圖片/三角形.png using Guid(faea73d97cecc0640b075816e5704d37) Importer(815301076,1909f56bfc062723c751e8b465ee728b)  -> (artifact id: 'd8c67c7504c383856c61eff858fddc02') in 0.194446 seconds 
  Import took 0.209918 seconds .

========================================================================
Received Import Request.
  Time since last request: 0.000340 seconds.
  path: Assets/圖片/告示牌.png
  artifactKey: Guid(dd4558fc9359d2e44b66452e53d33e14) Importer(815301076,1909f56bfc062723c751e8b465ee728b)
Start importing Assets/圖片/告示牌.png using Guid(dd4558fc9359d2e44b66452e53d33e14) Importer(815301076,1909f56bfc062723c751e8b465ee728b)  -> (artifact id: 'b5a762dea1bc92eb68e8e5db2ebcdca5') in 0.274496 seconds 
  Import took 0.278107 seconds .

========================================================================
Received Import Request.
  Time since last request: 0.000244 seconds.
  path: Assets/圖片/方形.png
  artifactKey: Guid(d8c69d33163de09449aff129497a1bd4) Importer(815301076,1909f56bfc062723c751e8b465ee728b)
Start importing Assets/圖片/方形.png using Guid(d8c69d33163de09449aff129497a1bd4) Importer(815301076,1909f56bfc062723c751e8b465ee728b)  -> (artifact id: 'cd440ec8fc993361a6f11ce17ec6569f') in 0.048216 seconds 
  Import took 0.051574 seconds .

========================================================================
Received Import Request.
  Time since last request: 0.000314 seconds.
  path: Assets/圖片/1638506798876.png
  artifactKey: Guid(eca0d96b4369e674bb5a07d7642bf61c) Importer(815301076,1909f56bfc062723c751e8b465ee728b)
Start importing Assets/圖片/1638506798876.png using Guid(eca0d96b4369e674bb5a07d7642bf61c) Importer(815301076,1909f56bfc062723c751e8b465ee728b)  -> (artifact id: 'dbc471cd5c7ea04ee59672d9b6377685') in 0.040786 seconds 
  Import took 0.044146 seconds .

========================================================================
Received Import Request.
  Time since last request: 0.000337 seconds.
  path: Assets/圖片/主角-玉米放大.png
  artifactKey: Guid(c72aa96cc59682d449678f28071a832b) Importer(815301076,1909f56bfc062723c751e8b465ee728b)
Start importing Assets/圖片/主角-玉米放大.png using Guid(c72aa96cc59682d449678f28071a832b) Importer(815301076,1909f56bfc062723c751e8b465ee728b)  -> (artifact id: '40d865c865df4d9454ef3731e71e9a57') in 0.095105 seconds 
  Import took 0.098465 seconds .

========================================================================
Received Import Request.
  Time since last request: 0.000340 seconds.
  path: Assets/圖片/吉娃娃.png
  artifactKey: Guid(b3d3f6a7fbb72c645a0004f52fd61012) Importer(815301076,1909f56bfc062723c751e8b465ee728b)
Start importing Assets/圖片/吉娃娃.png using Guid(b3d3f6a7fbb72c645a0004f52fd61012) Importer(815301076,1909f56bfc062723c751e8b465ee728b)  -> (artifact id: 'fafeaf12a5a10998c15a8be1cb4a7180') in 0.072594 seconds 
  Import took 0.075739 seconds .

========================================================================
Received Import Request.
  Time since last request: 0.000283 seconds.
  path: Assets/圖片/土著放大.png
  artifactKey: Guid(d514d41d405e1f148ad9c18c5900f091) Importer(815301076,1909f56bfc062723c751e8b465ee728b)
Start importing Assets/圖片/土著放大.png using Guid(d514d41d405e1f148ad9c18c5900f091) Importer(815301076,1909f56bfc062723c751e8b465ee728b)  -> (artifact id: 'e6178e6982f8c37506df93b121a83df1') in 0.106750 seconds 
  Import took 0.109648 seconds .

========================================================================
Received Import Request.
  Time since last request: 0.000318 seconds.
  path: Assets/圖片/主角-咩咩全放大png.png
  artifactKey: Guid(7e95c8b60a70a3e44ab3ccbab6aa05c1) Importer(815301076,1909f56bfc062723c751e8b465ee728b)
Start importing Assets/圖片/主角-咩咩全放大png.png using Guid(7e95c8b60a70a3e44ab3ccbab6aa05c1) Importer(815301076,1909f56bfc062723c751e8b465ee728b)  -> (artifact id: 'da9c988275058a7d69b28a41e781f4b1') in 0.081823 seconds 
  Import took 0.084890 seconds .

========================================================================
Received Import Request.
  Time since last request: 0.000258 seconds.
  path: Assets/圖片/主角-猴子放大.png
  artifactKey: Guid(35b1562b27010fa4f932c2bfa523c874) Importer(815301076,1909f56bfc062723c751e8b465ee728b)
Start importing Assets/圖片/主角-猴子放大.png using Guid(35b1562b27010fa4f932c2bfa523c874) Importer(815301076,1909f56bfc062723c751e8b465ee728b)  -> (artifact id: '52c9d2dcbd1c40dc5af88c289e85b422') in 0.121176 seconds 
  Import took 0.124181 seconds .

========================================================================
Received Import Request.
  Time since last request: 0.000336 seconds.
  path: Assets/圖片/實遊背景.png
  artifactKey: Guid(93b43b8ab1977c844bfd53d42d0fcac9) Importer(815301076,1909f56bfc062723c751e8b465ee728b)
Start importing Assets/圖片/實遊背景.png using Guid(93b43b8ab1977c844bfd53d42d0fcac9) Importer(815301076,1909f56bfc062723c751e8b465ee728b)  -> (artifact id: 'b896fe58bfc19e1247844e99dae6ff2e') in 0.125777 seconds 
  Import took 0.129264 seconds .

========================================================================
Received Import Request.
  Time since last request: 0.000319 seconds.
  path: Assets/圖片/榴蓮.png
  artifactKey: Guid(fa92404c56ab1bb4bb083fe8b7df7da5) Importer(815301076,1909f56bfc062723c751e8b465ee728b)
Start importing Assets/圖片/榴蓮.png using Guid(fa92404c56ab1bb4bb083fe8b7df7da5) Importer(815301076,1909f56bfc062723c751e8b465ee728b)  -> (artifact id: '62802efe4026d9e2718fc4a4c694461f') in 0.027221 seconds 
  Import took 0.030679 seconds .

========================================================================
Received Import Request.
  Time since last request: 0.000355 seconds.
  path: Assets/圖片/C87A1ED5-1CED-4F02-9CB1-F00A63AC8C9C.png
  artifactKey: Guid(7b6fc1620d2efe7488f80e118966e13e) Importer(815301076,1909f56bfc062723c751e8b465ee728b)
Start importing Assets/圖片/C87A1ED5-1CED-4F02-9CB1-F00A63AC8C9C.png using Guid(7b6fc1620d2efe7488f80e118966e13e) Importer(815301076,1909f56bfc062723c751e8b465ee728b)  -> (artifact id: '486b77196520de7babb76f485debe491') in 0.038728 seconds 
  Import took 0.042190 seconds .

========================================================================
Received Import Request.
  Time since last request: 0.000240 seconds.
  path: Assets/圖片/BB5DA12F-78F4-4F91-9740-51143E9163A1.png
  artifactKey: Guid(951423e463ed1944f8adb035955ce3e0) Importer(815301076,1909f56bfc062723c751e8b465ee728b)
Start importing Assets/圖片/BB5DA12F-78F4-4F91-9740-51143E9163A1.png using Guid(951423e463ed1944f8adb035955ce3e0) Importer(815301076,1909f56bfc062723c751e8b465ee728b)  -> (artifact id: '4df3c24f001a4d1846dd57691c78fb6c') in 0.045033 seconds 
  Import took 0.049487 seconds .

========================================================================
Received Import Request.
  Time since last request: 0.000301 seconds.
  path: Assets/圖片/1638506801058.png
  artifactKey: Guid(e84783161646f9b44a015069705a90af) Importer(815301076,1909f56bfc062723c751e8b465ee728b)
Start importing Assets/圖片/1638506801058.png using Guid(e84783161646f9b44a015069705a90af) Importer(815301076,1909f56bfc062723c751e8b465ee728b)  -> (artifact id: 'f3d6fb13f023a36d8969cd6cd731fdd7') in 0.020001 seconds 
  Import took 0.023359 seconds .

========================================================================
Received Import Request.
  Time since last request: 3.769877 seconds.
  path: Assets/圖片/猩猩1.png
  artifactKey: Guid(0953eb30062e10f4f9c0903373f50798) Importer(815301076,1909f56bfc062723c751e8b465ee728b)
Start importing Assets/圖片/猩猩1.png using Guid(0953eb30062e10f4f9c0903373f50798) Importer(815301076,1909f56bfc062723c751e8b465ee728b)  -> (artifact id: '83bfbc0edb9a389ce793b66dc3d1dcfe') in 0.304077 seconds 
  Import took 0.307283 seconds .

========================================================================
Received Import Request.
  Time since last request: 0.000306 seconds.
  path: Assets/圖片/獵人1.png
  artifactKey: Guid(b327412ea99006c4d9714806d27619b5) Importer(815301076,1909f56bfc062723c751e8b465ee728b)
Start importing Assets/圖片/獵人1.png using Guid(b327412ea99006c4d9714806d27619b5) Importer(815301076,1909f56bfc062723c751e8b465ee728b)  -> (artifact id: '84be8d874cd2d3d9b92322ece81f5d3d') in 0.358215 seconds 
  Import took 0.362100 seconds .

========================================================================
Received Import Request.
  Time since last request: 0.000512 seconds.
  path: Assets/圖片/猩猩2.png
  artifactKey: Guid(8d06bdf3f9b2e1d48ad0ecb3c5c6474d) Importer(815301076,1909f56bfc062723c751e8b465ee728b)
Start importing Assets/圖片/猩猩2.png using Guid(8d06bdf3f9b2e1d48ad0ecb3c5c6474d) Importer(815301076,1909f56bfc062723c751e8b465ee728b)  -> (artifact id: 'aec8cd7a935e847762c78e9f95287de0') in 0.555795 seconds 
  Import took 0.559603 seconds .

========================================================================
Received Import Request.
  Time since last request: 17.388813 seconds.
  path: Assets/圖片/獵人2.png
  artifactKey: Guid(7aae5e19920221a47b6325455ce7b4e1) Importer(815301076,1909f56bfc062723c751e8b465ee728b)
Start importing Assets/圖片/獵人2.png using Guid(7aae5e19920221a47b6325455ce7b4e1) Importer(815301076,1909f56bfc062723c751e8b465ee728b)  -> (artifact id: '02c506ab49171b7fa4200d85342f206e') in 0.178555 seconds 
  Import took 0.183671 seconds .

========================================================================
Received Import Request.
  Time since last request: 0.000309 seconds.
  path: Assets/圖片/豹.png
  artifactKey: Guid(10b7d63d2febacb4a8a75b4c03b94e2e) Importer(815301076,1909f56bfc062723c751e8b465ee728b)
Start importing Assets/圖片/豹.png using Guid(10b7d63d2febacb4a8a75b4c03b94e2e) Importer(815301076,1909f56bfc062723c751e8b465ee728b)  -> (artifact id: 'ab14774e5603bab4aa999d39bc110da8') in 0.113292 seconds 
  Import took 0.116922 seconds .

========================================================================
Received Import Request.
  Time since last request: 0.000378 seconds.
  path: Assets/圖片/香蕉皮.png
  artifactKey: Guid(3f8382d514f66c34fb94e7cbcc52c235) Importer(815301076,1909f56bfc062723c751e8b465ee728b)
Start importing Assets/圖片/香蕉皮.png using Guid(3f8382d514f66c34fb94e7cbcc52c235) Importer(815301076,1909f56bfc062723c751e8b465ee728b)  -> (artifact id: '817e3b689fd05785221f08fd155e4643') in 0.067345 seconds 
  Import took 0.070586 seconds .

========================================================================
Received Import Request.
  Time since last request: 0.000288 seconds.
  path: Assets/圖片/蛇.png
  artifactKey: Guid(7cacad6a1854db2429f756007f869514) Importer(815301076,1909f56bfc062723c751e8b465ee728b)
Start importing Assets/圖片/蛇.png using Guid(7cacad6a1854db2429f756007f869514) Importer(815301076,1909f56bfc062723c751e8b465ee728b)  -> (artifact id: 'b94e204cdba1a96125b5f68970a0cc87') in 0.068398 seconds 
  Import took 0.071295 seconds .

AssetImportWorkerClient::OnTransportError - code=2 error=End of file
