Using pre-set license
Built from '2020.3/staging' branch; Version is '2020.3.20f1 (41c4e627c95f) revision 4310246'; Using compiler version '192528614'; Build Type 'Release'
OS: 'Windows 10 Home; OS build 22000.376; Version 2009; 64bit' Language: 'zh' Physical Memory: 16229 MB
BatchMode: 1, IsHumanControllingUs: 0, StartBugReporterOnCrash: 0, Is64bit: 1, IsPro: 0

COMMAND LINE ARGUMENTS:
D:\Program Files\Unity\Hub\Editor\2020.3.20f1\Editor\Unity.exe
-adb2
-batchMode
-noUpm
-name
AssetImportWorker0
-projectPath
D:/GitHub/ASIA_KonoUnityDa_uprush_20211030
-logFile
Logs/AssetImportWorker0.log
-srvPort
63738
Successfully changed project path to: D:/GitHub/ASIA_KonoUnityDa_uprush_20211030
D:/GitHub/ASIA_KonoUnityDa_uprush_20211030
Using Asset Import Pipeline V2.
Refreshing native plugins compatible for Editor in 66.79 ms, found 3 plugins.
Preloading 0 native plugins for Editor in 0.00 ms.
Initialize engine version: 2020.3.20f1 (41c4e627c95f)
[Subsystems] Discovering subsystems at path D:/Program Files/Unity/Hub/Editor/2020.3.20f1/Editor/Data/Resources/UnitySubsystems
[Subsystems] Discovering subsystems at path D:/GitHub/ASIA_KonoUnityDa_uprush_20211030/Assets
GfxDevice: creating device client; threaded=0
Direct3D:
    Version:  Direct3D 11.0 [level 11.1]
    Renderer: NVIDIA GeForce GTX 1650 (ID=0x1f91)
    Vendor:   
    VRAM:     3962 MB
    Driver:   27.21.14.5709
Initialize mono
Mono path[0] = 'D:/Program Files/Unity/Hub/Editor/2020.3.20f1/Editor/Data/Managed'
Mono path[1] = 'D:/Program Files/Unity/Hub/Editor/2020.3.20f1/Editor/Data/MonoBleedingEdge/lib/mono/unityjit'
Mono config path = 'D:/Program Files/Unity/Hub/Editor/2020.3.20f1/Editor/Data/MonoBleedingEdge/etc'
Using monoOptions --debugger-agent=transport=dt_socket,embedding=1,server=y,suspend=n,address=127.0.0.1:56232
Begin MonoManager ReloadAssembly
Registering precompiled unity dll's ...
Register platform support module: D:/Program Files/Unity/Hub/Editor/2020.3.20f1/Editor/Data/PlaybackEngines/WebGLSupport/UnityEditor.WebGL.Extensions.dll
Register platform support module: D:/Program Files/Unity/Hub/Editor/2020.3.20f1/Editor/Data/PlaybackEngines/WindowsStandaloneSupport/UnityEditor.WindowsStandalone.Extensions.dll
Registered in 0.003493 seconds.
Native extension for WindowsStandalone target not found
Native extension for WebGL target not found
Refreshing native plugins compatible for Editor in 37.87 ms, found 3 plugins.
Preloading 0 native plugins for Editor in 0.00 ms.
Mono: successfully reloaded assembly
- Completed reload, in  1.681 seconds
Domain Reload Profiling:
	ReloadAssembly (1681ms)
		BeginReloadAssembly (95ms)
			ExecutionOrderSort (0ms)
			DisableScriptedObjects (0ms)
			BackupInstance (0ms)
			ReleaseScriptingObjects (0ms)
			CreateAndSetChildDomain (1ms)
		EndReloadAssembly (379ms)
			LoadAssemblies (96ms)
			RebuildTransferFunctionScriptingTraits (0ms)
			SetupTypeCache (139ms)
			ReleaseScriptCaches (0ms)
			RebuildScriptCaches (28ms)
			SetupLoadedEditorAssemblies (151ms)
				LogAssemblyErrors (0ms)
				InitializePlatformSupportModulesInManaged (4ms)
				SetLoadedEditorAssemblies (0ms)
				RefreshPlugins (38ms)
				BeforeProcessingInitializeOnLoad (16ms)
				ProcessInitializeOnLoadAttributes (68ms)
				ProcessInitializeOnLoadMethodAttributes (25ms)
				AfterProcessingInitializeOnLoad (0ms)
				EditorAssembliesLoaded (0ms)
			ExecutionOrderSort2 (0ms)
			AwakeInstancesAfterBackupRestoration (0ms)
Platform modules already initialized, skipping
Registering precompiled user dll's ...
Registered in 0.007200 seconds.
Begin MonoManager ReloadAssembly
Native extension for WindowsStandalone target not found
Native extension for WebGL target not found
Refreshing native plugins compatible for Editor in 40.04 ms, found 3 plugins.
Preloading 0 native plugins for Editor in 0.00 ms.
Mono: successfully reloaded assembly
- Completed reload, in  1.165 seconds
Domain Reload Profiling:
	ReloadAssembly (1167ms)
		BeginReloadAssembly (137ms)
			ExecutionOrderSort (0ms)
			DisableScriptedObjects (4ms)
			BackupInstance (0ms)
			ReleaseScriptingObjects (0ms)
			CreateAndSetChildDomain (17ms)
		EndReloadAssembly (980ms)
			LoadAssemblies (180ms)
			RebuildTransferFunctionScriptingTraits (0ms)
			SetupTypeCache (290ms)
			ReleaseScriptCaches (0ms)
			RebuildScriptCaches (51ms)
			SetupLoadedEditorAssemblies (347ms)
				LogAssemblyErrors (0ms)
				InitializePlatformSupportModulesInManaged (4ms)
				SetLoadedEditorAssemblies (0ms)
				RefreshPlugins (40ms)
				BeforeProcessingInitializeOnLoad (67ms)
				ProcessInitializeOnLoadAttributes (220ms)
				ProcessInitializeOnLoadMethodAttributes (14ms)
				AfterProcessingInitializeOnLoad (2ms)
				EditorAssembliesLoaded (0ms)
			ExecutionOrderSort2 (0ms)
			AwakeInstancesAfterBackupRestoration (7ms)
Platform modules already initialized, skipping
========================================================================
Worker process is ready to serve import requests
Launched and connected shader compiler UnityShaderCompiler.exe after 0.05 seconds
Refreshing native plugins compatible for Editor in 0.44 ms, found 3 plugins.
Preloading 0 native plugins for Editor in 0.00 ms.
Unloading 2254 Unused Serialized files (Serialized files now loaded: 0)
System memory in use before: 98.2 MB.
System memory in use after: 98.3 MB.

Unloading 27 unused Assets to reduce memory usage. Loaded Objects now: 2693.
Total: 3.247200 ms (FindLiveObjects: 0.184600 ms CreateObjectMapping: 0.079700 ms MarkObjects: 2.904900 ms  DeleteObjects: 0.076700 ms)

AssetImportParameters requested are different than current active one (requested -> active):
  custom:framework-win-MediaFoundation: 216162199b28c13a410421893ffa2e32 -> 
  custom:video-decoder-ogg-theora: a1e56fd34408186e4bbccfd4996cb3dc -> 
  custom:container-muxer-webm: aa71ff27fc2769a1b78a27578f13a17b -> 
  custom:container-demuxer-webm: 4f35f7cbe854078d1ac9338744f61a02 -> 
  custom:container-demuxer-ogg: 62fdf1f143b41e24485cea50d1cbac27 -> 
  custom:video-encoder-webm-vp8: eb34c28f22e8b96e1ab97ce403110664 -> 
  custom:video-decoder-webm-vp8: 9c59270c3fd7afecdb556c50c9e8de78 -> 
  custom:audio-decoder-ogg-vorbis: bf7c407c2cedff20999df2af8eb42d56 -> 
  custom:audio-encoder-webm-vorbis: bf7c407c2cedff20999df2af8eb42d56 -> 
========================================================================
Received Import Request.
  path: Assets/Prefab/猩猩怪物.prefab
  artifactKey: Guid(3010d3fbbe472db45802c30874b767fe) Importer(815301076,1909f56bfc062723c751e8b465ee728b)
Start importing Assets/Prefab/猩猩怪物.prefab using Guid(3010d3fbbe472db45802c30874b767fe) Importer(815301076,1909f56bfc062723c751e8b465ee728b)  -> (artifact id: 'e508dbf100e7316885178daba73d4835') in 0.382252 seconds 
  Import took 0.385642 seconds .

========================================================================
Received Import Request.
  Time since last request: 0.000335 seconds.
  path: Assets/Prefab/豹怪物.prefab
  artifactKey: Guid(f00fab41f1855564e917b60873fdee4f) Importer(815301076,1909f56bfc062723c751e8b465ee728b)
Start importing Assets/Prefab/豹怪物.prefab using Guid(f00fab41f1855564e917b60873fdee4f) Importer(815301076,1909f56bfc062723c751e8b465ee728b)  -> (artifact id: 'e7ab1e678a00082162b1c63e5fe1a81c') in 0.022597 seconds 
  Import took 0.025684 seconds .

========================================================================
Received Import Request.
  Time since last request: 0.000297 seconds.
  path: Assets/Prefab/土著怪物.prefab
  artifactKey: Guid(abc528ea5ed9eeb4698833976a500d4c) Importer(815301076,1909f56bfc062723c751e8b465ee728b)
Start importing Assets/Prefab/土著怪物.prefab using Guid(abc528ea5ed9eeb4698833976a500d4c) Importer(815301076,1909f56bfc062723c751e8b465ee728b)  -> (artifact id: 'ce4e4a74516949ff3f00f4bd02918b3b') in 0.038985 seconds 
  Import took 0.042122 seconds .

========================================================================
Received Import Request.
  Time since last request: 0.000247 seconds.
  path: Assets/Prefab/蛇怪物.prefab
  artifactKey: Guid(277a88d051ddf6f4f91858d523254929) Importer(815301076,1909f56bfc062723c751e8b465ee728b)
Start importing Assets/Prefab/蛇怪物.prefab using Guid(277a88d051ddf6f4f91858d523254929) Importer(815301076,1909f56bfc062723c751e8b465ee728b) Asset '蛇動畫': Transition '蛇怪物_攻擊 -> Exit' in state '蛇怪物_攻擊' doesn't have an Exit Time or any condition, transition will be ignored
UnityEngine.StackTraceUtility:ExtractStackTrace ()
UnityEditor.EditorUtility:Internal_InstantiateRemoveAllNonAnimationComponentsSingle (UnityEngine.Object,UnityEngine.Vector3,UnityEngine.Quaternion)
UnityEditor.EditorUtility:InstantiateRemoveAllNonAnimationComponents (UnityEngine.Object,UnityEngine.Vector3,UnityEngine.Quaternion)
UnityEditor.EditorUtility:InstantiateForAnimatorPreview (UnityEngine.Object)
UnityEditor.GameObjectInspector/PreviewData:UpdateGameObject (UnityEngine.Object)
UnityEditor.GameObjectInspector/PreviewData:.ctor (UnityEngine.Object)
UnityEditor.GameObjectInspector:GetPreviewData ()
UnityEditor.GameObjectInspector:RenderStaticPreview (string,UnityEngine.Object[],int,int)
UnityEditor.AssetPreviewUpdater:CreatePreviewForAsset (UnityEngine.Object,UnityEngine.Object[],string)

[C:\buildslave\unity\build\Editor/Src/Animation/StateMachine.cpp line 1847]

 -> (artifact id: '3db54abf04d31fa460dfe68e1c982157') in 0.029697 seconds 
  Import took 0.032867 seconds .

========================================================================
Received Import Request.
  Time since last request: 0.000284 seconds.
  path: Assets/場景/遊戲場景.unity
  artifactKey: Guid(dc491671912470a4f8df42a6046e101b) Importer(815301076,1909f56bfc062723c751e8b465ee728b)
Start importing Assets/場景/遊戲場景.unity using Guid(dc491671912470a4f8df42a6046e101b) Importer(815301076,1909f56bfc062723c751e8b465ee728b)  -> (artifact id: '48a549963bb1203234b71bbc2ea77168') in 0.005891 seconds 
  Import took 0.008794 seconds .

========================================================================
Received Import Request.
  Time since last request: 0.000356 seconds.
  path: Assets/Prefab/MovingPlatform.prefab
  artifactKey: Guid(c3b3ed31c7c0a654a9bbf4066aed17a7) Importer(815301076,1909f56bfc062723c751e8b465ee728b)
Start importing Assets/Prefab/MovingPlatform.prefab using Guid(c3b3ed31c7c0a654a9bbf4066aed17a7) Importer(815301076,1909f56bfc062723c751e8b465ee728b)  -> (artifact id: 'a8182327dba4a9461d89797749e372d3') in 0.025682 seconds 
  Import took 0.029253 seconds .

========================================================================
Received Import Request.
  Time since last request: 1.251418 seconds.
  path: Assets/Prefab/獵人怪物.prefab
  artifactKey: Guid(0457a7e2ef28b8d4a98df39f49991af8) Importer(815301076,1909f56bfc062723c751e8b465ee728b)
Start importing Assets/Prefab/獵人怪物.prefab using Guid(0457a7e2ef28b8d4a98df39f49991af8) Importer(815301076,1909f56bfc062723c751e8b465ee728b)  -> (artifact id: '330798198cab5319701234b3a1053700') in 0.023415 seconds 
  Import took 0.026984 seconds .

========================================================================
Received Prepare
Registering precompiled user dll's ...
Registered in 0.003118 seconds.
Begin MonoManager ReloadAssembly
Native extension for WindowsStandalone target not found
Native extension for WebGL target not found
Refreshing native plugins compatible for Editor in 0.42 ms, found 3 plugins.
Preloading 0 native plugins for Editor in 0.00 ms.
Mono: successfully reloaded assembly
- Completed reload, in  0.897 seconds
Domain Reload Profiling:
	ReloadAssembly (898ms)
		BeginReloadAssembly (101ms)
			ExecutionOrderSort (0ms)
			DisableScriptedObjects (6ms)
			BackupInstance (0ms)
			ReleaseScriptingObjects (0ms)
			CreateAndSetChildDomain (33ms)
		EndReloadAssembly (746ms)
			LoadAssemblies (76ms)
			RebuildTransferFunctionScriptingTraits (0ms)
			SetupTypeCache (271ms)
			ReleaseScriptCaches (1ms)
			RebuildScriptCaches (43ms)
			SetupLoadedEditorAssemblies (264ms)
				LogAssemblyErrors (0ms)
				InitializePlatformSupportModulesInManaged (5ms)
				SetLoadedEditorAssemblies (0ms)
				RefreshPlugins (0ms)
				BeforeProcessingInitializeOnLoad (67ms)
				ProcessInitializeOnLoadAttributes (183ms)
				ProcessInitializeOnLoadMethodAttributes (5ms)
				AfterProcessingInitializeOnLoad (3ms)
				EditorAssembliesLoaded (0ms)
			ExecutionOrderSort2 (0ms)
			AwakeInstancesAfterBackupRestoration (9ms)
Platform modules already initialized, skipping
Refreshing native plugins compatible for Editor in 0.44 ms, found 3 plugins.
Preloading 0 native plugins for Editor in 0.00 ms.
Unloading 2242 Unused Serialized files (Serialized files now loaded: 0)
System memory in use before: 100.8 MB.
System memory in use after: 101.0 MB.

Unloading 15 unused Assets to reduce memory usage. Loaded Objects now: 2703.
Total: 3.316200 ms (FindLiveObjects: 0.187000 ms CreateObjectMapping: 0.065900 ms MarkObjects: 3.048200 ms  DeleteObjects: 0.013900 ms)

AssetImportParameters requested are different than current active one (requested -> active):
  custom:framework-win-MediaFoundation: 216162199b28c13a410421893ffa2e32 -> 
  custom:video-decoder-ogg-theora: a1e56fd34408186e4bbccfd4996cb3dc -> 
  custom:container-muxer-webm: aa71ff27fc2769a1b78a27578f13a17b -> 
  custom:container-demuxer-webm: 4f35f7cbe854078d1ac9338744f61a02 -> 
  custom:container-demuxer-ogg: 62fdf1f143b41e24485cea50d1cbac27 -> 
  custom:video-encoder-webm-vp8: eb34c28f22e8b96e1ab97ce403110664 -> 
  custom:video-decoder-webm-vp8: 9c59270c3fd7afecdb556c50c9e8de78 -> 
  custom:audio-decoder-ogg-vorbis: bf7c407c2cedff20999df2af8eb42d56 -> 
  custom:audio-encoder-webm-vorbis: bf7c407c2cedff20999df2af8eb42d56 -> 
========================================================================
Received Import Request.
  Time since last request: 106.668482 seconds.
  path: Assets/Prefab/吉娃娃怪物.prefab
  artifactKey: Guid(b33bcb3c09a72e94586a65d1b1530c00) Importer(815301076,1909f56bfc062723c751e8b465ee728b)
Start importing Assets/Prefab/吉娃娃怪物.prefab using Guid(b33bcb3c09a72e94586a65d1b1530c00) Importer(815301076,1909f56bfc062723c751e8b465ee728b) Asset '吉娃娃動畫': Transition '吉娃娃怪物_攻擊 -> Exit' in state '吉娃娃怪物_攻擊' doesn't have an Exit Time or any condition, transition will be ignored
UnityEngine.StackTraceUtility:ExtractStackTrace ()
UnityEditor.EditorUtility:Internal_InstantiateRemoveAllNonAnimationComponentsSingle (UnityEngine.Object,UnityEngine.Vector3,UnityEngine.Quaternion)
UnityEditor.EditorUtility:InstantiateRemoveAllNonAnimationComponents (UnityEngine.Object,UnityEngine.Vector3,UnityEngine.Quaternion)
UnityEditor.EditorUtility:InstantiateForAnimatorPreview (UnityEngine.Object)
UnityEditor.GameObjectInspector/PreviewData:UpdateGameObject (UnityEngine.Object)
UnityEditor.GameObjectInspector/PreviewData:.ctor (UnityEngine.Object)
UnityEditor.GameObjectInspector:GetPreviewData ()
UnityEditor.GameObjectInspector:RenderStaticPreview (string,UnityEngine.Object[],int,int)
UnityEditor.AssetPreviewUpdater:CreatePreviewForAsset (UnityEngine.Object,UnityEngine.Object[],string)

[C:\buildslave\unity\build\Editor/Src/Animation/StateMachine.cpp line 1847]

 -> (artifact id: 'caa4a6b341facc42504ffc33bc640eb8') in 0.060941 seconds 
  Import took 0.064127 seconds .

========================================================================
Received Prepare
Registering precompiled user dll's ...
Registered in 0.002328 seconds.
Begin MonoManager ReloadAssembly
Native extension for WindowsStandalone target not found
Native extension for WebGL target not found
Refreshing native plugins compatible for Editor in 0.57 ms, found 3 plugins.
Preloading 0 native plugins for Editor in 0.00 ms.
Mono: successfully reloaded assembly
- Completed reload, in  0.962 seconds
Domain Reload Profiling:
	ReloadAssembly (962ms)
		BeginReloadAssembly (105ms)
			ExecutionOrderSort (0ms)
			DisableScriptedObjects (6ms)
			BackupInstance (0ms)
			ReleaseScriptingObjects (0ms)
			CreateAndSetChildDomain (35ms)
		EndReloadAssembly (807ms)
			LoadAssemblies (73ms)
			RebuildTransferFunctionScriptingTraits (0ms)
			SetupTypeCache (298ms)
			ReleaseScriptCaches (1ms)
			RebuildScriptCaches (43ms)
			SetupLoadedEditorAssemblies (291ms)
				LogAssemblyErrors (0ms)
				InitializePlatformSupportModulesInManaged (5ms)
				SetLoadedEditorAssemblies (0ms)
				RefreshPlugins (1ms)
				BeforeProcessingInitializeOnLoad (70ms)
				ProcessInitializeOnLoadAttributes (206ms)
				ProcessInitializeOnLoadMethodAttributes (7ms)
				AfterProcessingInitializeOnLoad (2ms)
				EditorAssembliesLoaded (0ms)
			ExecutionOrderSort2 (0ms)
			AwakeInstancesAfterBackupRestoration (10ms)
Platform modules already initialized, skipping
Refreshing native plugins compatible for Editor in 0.46 ms, found 3 plugins.
Preloading 0 native plugins for Editor in 0.00 ms.
Unloading 2242 Unused Serialized files (Serialized files now loaded: 0)
System memory in use before: 100.9 MB.
System memory in use after: 101.0 MB.

Unloading 15 unused Assets to reduce memory usage. Loaded Objects now: 2707.
Total: 2.786100 ms (FindLiveObjects: 0.162900 ms CreateObjectMapping: 0.065900 ms MarkObjects: 2.542500 ms  DeleteObjects: 0.013900 ms)

AssetImportParameters requested are different than current active one (requested -> active):
  custom:framework-win-MediaFoundation: 216162199b28c13a410421893ffa2e32 -> 
  custom:video-decoder-ogg-theora: a1e56fd34408186e4bbccfd4996cb3dc -> 
  custom:container-muxer-webm: aa71ff27fc2769a1b78a27578f13a17b -> 
  custom:container-demuxer-webm: 4f35f7cbe854078d1ac9338744f61a02 -> 
  custom:container-demuxer-ogg: 62fdf1f143b41e24485cea50d1cbac27 -> 
  custom:video-encoder-webm-vp8: eb34c28f22e8b96e1ab97ce403110664 -> 
  custom:video-decoder-webm-vp8: 9c59270c3fd7afecdb556c50c9e8de78 -> 
  custom:audio-decoder-ogg-vorbis: bf7c407c2cedff20999df2af8eb42d56 -> 
  custom:audio-encoder-webm-vorbis: bf7c407c2cedff20999df2af8eb42d56 -> 
========================================================================
Received Import Request.
  Time since last request: 837.479316 seconds.
  path: Assets/場景素材/MovingPlatform.png
  artifactKey: Guid(7460461625808aa47be3065fadfc2740) Importer(815301076,1909f56bfc062723c751e8b465ee728b)
Start importing Assets/場景素材/MovingPlatform.png using Guid(7460461625808aa47be3065fadfc2740) Importer(815301076,1909f56bfc062723c751e8b465ee728b)  -> (artifact id: 'c1c23fb94e4e789f6ff6332fbcd6877a') in 0.420532 seconds 
  Import took 0.423944 seconds .

========================================================================
Received Import Request.
  Time since last request: 0.000324 seconds.
  path: Assets/場景素材/場景地板背景素材2_23.asset
  artifactKey: Guid(c9418630b2c387940bfbe7ad7c2276a0) Importer(815301076,1909f56bfc062723c751e8b465ee728b)
Start importing Assets/場景素材/場景地板背景素材2_23.asset using Guid(c9418630b2c387940bfbe7ad7c2276a0) Importer(815301076,1909f56bfc062723c751e8b465ee728b)  -> (artifact id: '4d8de8cdbe8ee63b6b139ecb3633a699') in 0.026047 seconds 
  Import took 0.028939 seconds .

========================================================================
Received Import Request.
  Time since last request: 0.000269 seconds.
  path: Assets/場景素材/場景地板背景素材 1.png
  artifactKey: Guid(f19e1f7b20721c34d8418d6a1641a9be) Importer(815301076,1909f56bfc062723c751e8b465ee728b)
Start importing Assets/場景素材/場景地板背景素材 1.png using Guid(f19e1f7b20721c34d8418d6a1641a9be) Importer(815301076,1909f56bfc062723c751e8b465ee728b)  -> (artifact id: '42b46452dd0a52d1668666a06080e7ef') in 0.101707 seconds 
  Import took 0.104622 seconds .

========================================================================
Received Import Request.
  Time since last request: 0.000265 seconds.
  path: Assets/場景素材/場景地板背景素材2.png
  artifactKey: Guid(ce2fbd80dce890443855f382a399f8ba) Importer(815301076,1909f56bfc062723c751e8b465ee728b)
Start importing Assets/場景素材/場景地板背景素材2.png using Guid(ce2fbd80dce890443855f382a399f8ba) Importer(815301076,1909f56bfc062723c751e8b465ee728b)  -> (artifact id: '51882349c6be933377f67b99d16d7283') in 0.104830 seconds 
  Import took 0.107765 seconds .

========================================================================
Received Import Request.
  Time since last request: 0.000260 seconds.
  path: Assets/場景素材/場景地板背景素材2_22.asset
  artifactKey: Guid(a07b13a01fb117b48b36a37ced6b76d5) Importer(815301076,1909f56bfc062723c751e8b465ee728b)
Start importing Assets/場景素材/場景地板背景素材2_22.asset using Guid(a07b13a01fb117b48b36a37ced6b76d5) Importer(815301076,1909f56bfc062723c751e8b465ee728b)  -> (artifact id: '88221bf9bfa99bdab8b85c399a56e047') in 0.013369 seconds 
  Import took 0.016320 seconds .

========================================================================
Received Import Request.
  Time since last request: 2.554043 seconds.
  path: Assets/素材/setofont.ttf
  artifactKey: Guid(67dbac336d82cc34f8fcfcf01ac9f097) Importer(815301076,1909f56bfc062723c751e8b465ee728b)
Start importing Assets/素材/setofont.ttf using Guid(67dbac336d82cc34f8fcfcf01ac9f097) Importer(815301076,1909f56bfc062723c751e8b465ee728b)  -> (artifact id: 'f60b06911902bd4ac4b4e03c88edb50a') in 0.093212 seconds 
  Import took 0.096968 seconds .

========================================================================
Received Import Request.
  Time since last request: 0.000308 seconds.
  path: Assets/素材/畫布對話系統.prefab
  artifactKey: Guid(dc9b52233c7a6c546a7b3d4a66bf10f5) Importer(815301076,1909f56bfc062723c751e8b465ee728b)
Start importing Assets/素材/畫布對話系統.prefab using Guid(dc9b52233c7a6c546a7b3d4a66bf10f5) Importer(815301076,1909f56bfc062723c751e8b465ee728b)  -> (artifact id: '4ac664e15a04db93570231b82c0a589f') in 0.027123 seconds 
  Import took 0.030057 seconds .

========================================================================
Received Import Request.
  Time since last request: 1.130098 seconds.
  path: Assets/圖片/308DE840-2964-4ABE-9D9B-61354849B926.png
  artifactKey: Guid(61cd20759444579438b84c7cc3516fe1) Importer(815301076,1909f56bfc062723c751e8b465ee728b)
Start importing Assets/圖片/308DE840-2964-4ABE-9D9B-61354849B926.png using Guid(61cd20759444579438b84c7cc3516fe1) Importer(815301076,1909f56bfc062723c751e8b465ee728b)  -> (artifact id: '100cc401a6f734f295bdb71dcbe74d12') in 0.019268 seconds 
  Import took 0.022598 seconds .

========================================================================
Received Import Request.
  Time since last request: 0.000263 seconds.
  path: Assets/圖片/三角形.png
  artifactKey: Guid(faea73d97cecc0640b075816e5704d37) Importer(815301076,1909f56bfc062723c751e8b465ee728b)
Start importing Assets/圖片/三角形.png using Guid(faea73d97cecc0640b075816e5704d37) Importer(815301076,1909f56bfc062723c751e8b465ee728b)  -> (artifact id: 'd8c67c7504c383856c61eff858fddc02') in 0.018889 seconds 
  Import took 0.022085 seconds .

========================================================================
Received Import Request.
  Time since last request: 0.000296 seconds.
  path: Assets/圖片/告示牌.png
  artifactKey: Guid(dd4558fc9359d2e44b66452e53d33e14) Importer(815301076,1909f56bfc062723c751e8b465ee728b)
Start importing Assets/圖片/告示牌.png using Guid(dd4558fc9359d2e44b66452e53d33e14) Importer(815301076,1909f56bfc062723c751e8b465ee728b)  -> (artifact id: 'b5a762dea1bc92eb68e8e5db2ebcdca5') in 0.019888 seconds 
  Import took 0.023609 seconds .

========================================================================
Received Import Request.
  Time since last request: 0.000448 seconds.
  path: Assets/圖片/天空.png
  artifactKey: Guid(8d14881fe9ebc404db397088ff2e59f1) Importer(815301076,1909f56bfc062723c751e8b465ee728b)
Start importing Assets/圖片/天空.png using Guid(8d14881fe9ebc404db397088ff2e59f1) Importer(815301076,1909f56bfc062723c751e8b465ee728b)  -> (artifact id: 'f50a51eadba45b701e5993d89f4435ef') in 0.042075 seconds 
  Import took 0.046144 seconds .

========================================================================
Received Import Request.
  Time since last request: 0.000313 seconds.
  path: Assets/圖片/方形.png
  artifactKey: Guid(d8c69d33163de09449aff129497a1bd4) Importer(815301076,1909f56bfc062723c751e8b465ee728b)
Start importing Assets/圖片/方形.png using Guid(d8c69d33163de09449aff129497a1bd4) Importer(815301076,1909f56bfc062723c751e8b465ee728b)  -> (artifact id: 'cd440ec8fc993361a6f11ce17ec6569f') in 0.022598 seconds 
  Import took 0.026148 seconds .

========================================================================
Received Import Request.
  Time since last request: 0.000271 seconds.
  path: Assets/圖片/1638506798876.png
  artifactKey: Guid(eca0d96b4369e674bb5a07d7642bf61c) Importer(815301076,1909f56bfc062723c751e8b465ee728b)
Start importing Assets/圖片/1638506798876.png using Guid(eca0d96b4369e674bb5a07d7642bf61c) Importer(815301076,1909f56bfc062723c751e8b465ee728b)  -> (artifact id: 'dbc471cd5c7ea04ee59672d9b6377685') in 0.019070 seconds 
  Import took 0.022136 seconds .

========================================================================
Received Import Request.
  Time since last request: 0.000283 seconds.
  path: Assets/圖片/主角-玉米放大.png
  artifactKey: Guid(c72aa96cc59682d449678f28071a832b) Importer(815301076,1909f56bfc062723c751e8b465ee728b)
Start importing Assets/圖片/主角-玉米放大.png using Guid(c72aa96cc59682d449678f28071a832b) Importer(815301076,1909f56bfc062723c751e8b465ee728b)  -> (artifact id: '40d865c865df4d9454ef3731e71e9a57') in 0.053647 seconds 
  Import took 0.058091 seconds .

========================================================================
Received Import Request.
  Time since last request: 0.000333 seconds.
  path: Assets/圖片/吉娃娃.png
  artifactKey: Guid(b3d3f6a7fbb72c645a0004f52fd61012) Importer(815301076,1909f56bfc062723c751e8b465ee728b)
Start importing Assets/圖片/吉娃娃.png using Guid(b3d3f6a7fbb72c645a0004f52fd61012) Importer(815301076,1909f56bfc062723c751e8b465ee728b)  -> (artifact id: 'fafeaf12a5a10998c15a8be1cb4a7180') in 0.037333 seconds 
  Import took 0.040190 seconds .

========================================================================
Received Import Request.
  Time since last request: 0.000276 seconds.
  path: Assets/圖片/土著放大.png
  artifactKey: Guid(d514d41d405e1f148ad9c18c5900f091) Importer(815301076,1909f56bfc062723c751e8b465ee728b)
Start importing Assets/圖片/土著放大.png using Guid(d514d41d405e1f148ad9c18c5900f091) Importer(815301076,1909f56bfc062723c751e8b465ee728b)  -> (artifact id: 'e6178e6982f8c37506df93b121a83df1') in 0.039280 seconds 
  Import took 0.042135 seconds .

========================================================================
Received Import Request.
  Time since last request: 0.000310 seconds.
  path: Assets/圖片/主角-咩咩全放大png.png
  artifactKey: Guid(7e95c8b60a70a3e44ab3ccbab6aa05c1) Importer(815301076,1909f56bfc062723c751e8b465ee728b)
Start importing Assets/圖片/主角-咩咩全放大png.png using Guid(7e95c8b60a70a3e44ab3ccbab6aa05c1) Importer(815301076,1909f56bfc062723c751e8b465ee728b)  -> (artifact id: 'da9c988275058a7d69b28a41e781f4b1') in 0.056617 seconds 
  Import took 0.059561 seconds .

========================================================================
Received Import Request.
  Time since last request: 0.000296 seconds.
  path: Assets/圖片/主角-猴子放大.png
  artifactKey: Guid(35b1562b27010fa4f932c2bfa523c874) Importer(815301076,1909f56bfc062723c751e8b465ee728b)
Start importing Assets/圖片/主角-猴子放大.png using Guid(35b1562b27010fa4f932c2bfa523c874) Importer(815301076,1909f56bfc062723c751e8b465ee728b)  -> (artifact id: '52c9d2dcbd1c40dc5af88c289e85b422') in 0.041776 seconds 
  Import took 0.044668 seconds .

========================================================================
Received Import Request.
  Time since last request: 0.000283 seconds.
  path: Assets/圖片/實遊背景.png
  artifactKey: Guid(93b43b8ab1977c844bfd53d42d0fcac9) Importer(815301076,1909f56bfc062723c751e8b465ee728b)
Start importing Assets/圖片/實遊背景.png using Guid(93b43b8ab1977c844bfd53d42d0fcac9) Importer(815301076,1909f56bfc062723c751e8b465ee728b)  -> (artifact id: 'b896fe58bfc19e1247844e99dae6ff2e') in 0.040294 seconds 
  Import took 0.043244 seconds .

========================================================================
Received Import Request.
  Time since last request: 0.000314 seconds.
  path: Assets/圖片/C87A1ED5-1CED-4F02-9CB1-F00A63AC8C9C.png
  artifactKey: Guid(7b6fc1620d2efe7488f80e118966e13e) Importer(815301076,1909f56bfc062723c751e8b465ee728b)
Start importing Assets/圖片/C87A1ED5-1CED-4F02-9CB1-F00A63AC8C9C.png using Guid(7b6fc1620d2efe7488f80e118966e13e) Importer(815301076,1909f56bfc062723c751e8b465ee728b)  -> (artifact id: '486b77196520de7babb76f485debe491') in 0.016871 seconds 
  Import took 0.020056 seconds .

========================================================================
Received Import Request.
  Time since last request: 0.000244 seconds.
  path: Assets/圖片/BB5DA12F-78F4-4F91-9740-51143E9163A1.png
  artifactKey: Guid(951423e463ed1944f8adb035955ce3e0) Importer(815301076,1909f56bfc062723c751e8b465ee728b)
Start importing Assets/圖片/BB5DA12F-78F4-4F91-9740-51143E9163A1.png using Guid(951423e463ed1944f8adb035955ce3e0) Importer(815301076,1909f56bfc062723c751e8b465ee728b)  -> (artifact id: '4df3c24f001a4d1846dd57691c78fb6c') in 0.017103 seconds 
  Import took 0.020945 seconds .

========================================================================
Received Import Request.
  Time since last request: 0.000279 seconds.
  path: Assets/圖片/1638506801058.png
  artifactKey: Guid(e84783161646f9b44a015069705a90af) Importer(815301076,1909f56bfc062723c751e8b465ee728b)
Start importing Assets/圖片/1638506801058.png using Guid(e84783161646f9b44a015069705a90af) Importer(815301076,1909f56bfc062723c751e8b465ee728b)  -> (artifact id: 'f3d6fb13f023a36d8969cd6cd731fdd7') in 0.018717 seconds 
  Import took 0.022297 seconds .

========================================================================
Received Import Request.
  Time since last request: 70.305694 seconds.
  path: Assets/Scripts/NPC 木板遊戲教成.asset
  artifactKey: Guid(666982c1b6c56d740be68525afc2266b) Importer(815301076,1909f56bfc062723c751e8b465ee728b)
Start importing Assets/Scripts/NPC 木板遊戲教成.asset using Guid(666982c1b6c56d740be68525afc2266b) Importer(815301076,1909f56bfc062723c751e8b465ee728b)  -> (artifact id: '1b33b37f17911cee1fa0f4f1e555ab52') in 0.006794 seconds 
  Import took 0.010734 seconds .

========================================================================
Received Prepare
Registering precompiled user dll's ...
Registered in 0.002359 seconds.
Begin MonoManager ReloadAssembly
Native extension for WindowsStandalone target not found
Native extension for WebGL target not found
Refreshing native plugins compatible for Editor in 0.46 ms, found 3 plugins.
Preloading 0 native plugins for Editor in 0.00 ms.
Mono: successfully reloaded assembly
- Completed reload, in  0.895 seconds
Domain Reload Profiling:
	ReloadAssembly (895ms)
		BeginReloadAssembly (96ms)
			ExecutionOrderSort (0ms)
			DisableScriptedObjects (5ms)
			BackupInstance (0ms)
			ReleaseScriptingObjects (0ms)
			CreateAndSetChildDomain (34ms)
		EndReloadAssembly (749ms)
			LoadAssemblies (76ms)
			RebuildTransferFunctionScriptingTraits (0ms)
			SetupTypeCache (258ms)
			ReleaseScriptCaches (1ms)
			RebuildScriptCaches (42ms)
			SetupLoadedEditorAssemblies (270ms)
				LogAssemblyErrors (0ms)
				InitializePlatformSupportModulesInManaged (6ms)
				SetLoadedEditorAssemblies (0ms)
				RefreshPlugins (1ms)
				BeforeProcessingInitializeOnLoad (66ms)
				ProcessInitializeOnLoadAttributes (190ms)
				ProcessInitializeOnLoadMethodAttributes (5ms)
				AfterProcessingInitializeOnLoad (3ms)
				EditorAssembliesLoaded (0ms)
			ExecutionOrderSort2 (0ms)
			AwakeInstancesAfterBackupRestoration (10ms)
Platform modules already initialized, skipping
Refreshing native plugins compatible for Editor in 0.44 ms, found 3 plugins.
Preloading 0 native plugins for Editor in 0.00 ms.
Unloading 2242 Unused Serialized files (Serialized files now loaded: 0)
System memory in use before: 101.7 MB.
System memory in use after: 101.9 MB.

Unloading 15 unused Assets to reduce memory usage. Loaded Objects now: 2833.
Total: 3.063900 ms (FindLiveObjects: 0.223100 ms CreateObjectMapping: 0.086200 ms MarkObjects: 2.736900 ms  DeleteObjects: 0.016700 ms)

AssetImportParameters requested are different than current active one (requested -> active):
  custom:framework-win-MediaFoundation: 216162199b28c13a410421893ffa2e32 -> 
  custom:video-decoder-ogg-theora: a1e56fd34408186e4bbccfd4996cb3dc -> 
  custom:container-muxer-webm: aa71ff27fc2769a1b78a27578f13a17b -> 
  custom:container-demuxer-webm: 4f35f7cbe854078d1ac9338744f61a02 -> 
  custom:container-demuxer-ogg: 62fdf1f143b41e24485cea50d1cbac27 -> 
  custom:video-encoder-webm-vp8: eb34c28f22e8b96e1ab97ce403110664 -> 
  custom:video-decoder-webm-vp8: 9c59270c3fd7afecdb556c50c9e8de78 -> 
  custom:audio-decoder-ogg-vorbis: bf7c407c2cedff20999df2af8eb42d56 -> 
  custom:audio-encoder-webm-vorbis: bf7c407c2cedff20999df2af8eb42d56 -> 
========================================================================
Received Import Request.
  Time since last request: 16.686763 seconds.
  path: Assets/Scripts/Treasure.cs
  artifactKey: Guid(d84c980ada5a2884694d7665f7b971c2) Importer(815301076,1909f56bfc062723c751e8b465ee728b)
Start importing Assets/Scripts/Treasure.cs using Guid(d84c980ada5a2884694d7665f7b971c2) Importer(815301076,1909f56bfc062723c751e8b465ee728b)  -> (artifact id: '064b49e72373cce2a6cb786722492b63') in 0.032969 seconds 
  Import took 0.036219 seconds .

========================================================================
Received Prepare
Registering precompiled user dll's ...
Registered in 0.002459 seconds.
Begin MonoManager ReloadAssembly
Native extension for WindowsStandalone target not found
Native extension for WebGL target not found
Refreshing native plugins compatible for Editor in 0.44 ms, found 3 plugins.
Preloading 0 native plugins for Editor in 0.00 ms.
Mono: successfully reloaded assembly
- Completed reload, in  1.103 seconds
Domain Reload Profiling:
	ReloadAssembly (1103ms)
		BeginReloadAssembly (109ms)
			ExecutionOrderSort (0ms)
			DisableScriptedObjects (6ms)
			BackupInstance (0ms)
			ReleaseScriptingObjects (0ms)
			CreateAndSetChildDomain (32ms)
		EndReloadAssembly (942ms)
			LoadAssemblies (81ms)
			RebuildTransferFunctionScriptingTraits (0ms)
			SetupTypeCache (406ms)
			ReleaseScriptCaches (1ms)
			RebuildScriptCaches (57ms)
			SetupLoadedEditorAssemblies (292ms)
				LogAssemblyErrors (0ms)
				InitializePlatformSupportModulesInManaged (5ms)
				SetLoadedEditorAssemblies (0ms)
				RefreshPlugins (1ms)
				BeforeProcessingInitializeOnLoad (74ms)
				ProcessInitializeOnLoadAttributes (204ms)
				ProcessInitializeOnLoadMethodAttributes (5ms)
				AfterProcessingInitializeOnLoad (3ms)
				EditorAssembliesLoaded (0ms)
			ExecutionOrderSort2 (0ms)
			AwakeInstancesAfterBackupRestoration (10ms)
Platform modules already initialized, skipping
Refreshing native plugins compatible for Editor in 0.71 ms, found 3 plugins.
Preloading 0 native plugins for Editor in 0.00 ms.
Unloading 2242 Unused Serialized files (Serialized files now loaded: 0)
System memory in use before: 101.7 MB.
System memory in use after: 101.9 MB.

Unloading 15 unused Assets to reduce memory usage. Loaded Objects now: 2836.
Total: 3.291000 ms (FindLiveObjects: 0.217700 ms CreateObjectMapping: 0.090600 ms MarkObjects: 2.964900 ms  DeleteObjects: 0.016600 ms)

AssetImportParameters requested are different than current active one (requested -> active):
  custom:framework-win-MediaFoundation: 216162199b28c13a410421893ffa2e32 -> 
  custom:video-decoder-ogg-theora: a1e56fd34408186e4bbccfd4996cb3dc -> 
  custom:container-muxer-webm: aa71ff27fc2769a1b78a27578f13a17b -> 
  custom:container-demuxer-webm: 4f35f7cbe854078d1ac9338744f61a02 -> 
  custom:container-demuxer-ogg: 62fdf1f143b41e24485cea50d1cbac27 -> 
  custom:video-encoder-webm-vp8: eb34c28f22e8b96e1ab97ce403110664 -> 
  custom:video-decoder-webm-vp8: 9c59270c3fd7afecdb556c50c9e8de78 -> 
  custom:audio-decoder-ogg-vorbis: bf7c407c2cedff20999df2af8eb42d56 -> 
  custom:audio-encoder-webm-vorbis: bf7c407c2cedff20999df2af8eb42d56 -> 
========================================================================
Received Import Request.
  Time since last request: 14.981812 seconds.
  path: Assets/Scripts/HurtSystem.cs
  artifactKey: Guid(c74e1d25556d3b24a841a5e0b124414b) Importer(815301076,1909f56bfc062723c751e8b465ee728b)
Start importing Assets/Scripts/HurtSystem.cs using Guid(c74e1d25556d3b24a841a5e0b124414b) Importer(815301076,1909f56bfc062723c751e8b465ee728b)  -> (artifact id: 'bca71b2dbc7f139a8342ce90b99fa860') in 0.008757 seconds 
  Import took 0.011962 seconds .

========================================================================
Received Import Request.
  Time since last request: 102.966657 seconds.
  path: Assets/Scripts/EnimiesIndigenous.cs
  artifactKey: Guid(1e09a17ff55254549a3e511c619a2348) Importer(815301076,1909f56bfc062723c751e8b465ee728b)
Start importing Assets/Scripts/EnimiesIndigenous.cs using Guid(1e09a17ff55254549a3e511c619a2348) Importer(815301076,1909f56bfc062723c751e8b465ee728b)  -> (artifact id: '36a6862e45e1f41fd47e1fae6cf6fc6d') in 0.066124 seconds 
  Import took 0.069568 seconds .

========================================================================
Received Prepare
Registering precompiled user dll's ...
Registered in 0.002650 seconds.
Begin MonoManager ReloadAssembly
Native extension for WindowsStandalone target not found
Native extension for WebGL target not found
Refreshing native plugins compatible for Editor in 0.43 ms, found 3 plugins.
Preloading 0 native plugins for Editor in 0.00 ms.
Mono: successfully reloaded assembly
- Completed reload, in  0.933 seconds
Domain Reload Profiling:
	ReloadAssembly (933ms)
		BeginReloadAssembly (102ms)
			ExecutionOrderSort (0ms)
			DisableScriptedObjects (6ms)
			BackupInstance (0ms)
			ReleaseScriptingObjects (0ms)
			CreateAndSetChildDomain (32ms)
		EndReloadAssembly (780ms)
			LoadAssemblies (86ms)
			RebuildTransferFunctionScriptingTraits (0ms)
			SetupTypeCache (275ms)
			ReleaseScriptCaches (1ms)
			RebuildScriptCaches (41ms)
			SetupLoadedEditorAssemblies (286ms)
				LogAssemblyErrors (0ms)
				InitializePlatformSupportModulesInManaged (5ms)
				SetLoadedEditorAssemblies (0ms)
				RefreshPlugins (0ms)
				BeforeProcessingInitializeOnLoad (65ms)
				ProcessInitializeOnLoadAttributes (207ms)
				ProcessInitializeOnLoadMethodAttributes (6ms)
				AfterProcessingInitializeOnLoad (2ms)
				EditorAssembliesLoaded (0ms)
			ExecutionOrderSort2 (0ms)
			AwakeInstancesAfterBackupRestoration (10ms)
Platform modules already initialized, skipping
Refreshing native plugins compatible for Editor in 0.40 ms, found 3 plugins.
Preloading 0 native plugins for Editor in 0.00 ms.
Unloading 2242 Unused Serialized files (Serialized files now loaded: 0)
System memory in use before: 101.6 MB.
System memory in use after: 101.8 MB.

Unloading 15 unused Assets to reduce memory usage. Loaded Objects now: 2839.
Total: 3.227500 ms (FindLiveObjects: 0.211200 ms CreateObjectMapping: 0.072700 ms MarkObjects: 2.928800 ms  DeleteObjects: 0.013900 ms)

AssetImportParameters requested are different than current active one (requested -> active):
  custom:framework-win-MediaFoundation: 216162199b28c13a410421893ffa2e32 -> 
  custom:video-decoder-ogg-theora: a1e56fd34408186e4bbccfd4996cb3dc -> 
  custom:container-muxer-webm: aa71ff27fc2769a1b78a27578f13a17b -> 
  custom:container-demuxer-webm: 4f35f7cbe854078d1ac9338744f61a02 -> 
  custom:container-demuxer-ogg: 62fdf1f143b41e24485cea50d1cbac27 -> 
  custom:video-encoder-webm-vp8: eb34c28f22e8b96e1ab97ce403110664 -> 
  custom:video-decoder-webm-vp8: 9c59270c3fd7afecdb556c50c9e8de78 -> 
  custom:audio-decoder-ogg-vorbis: bf7c407c2cedff20999df2af8eb42d56 -> 
  custom:audio-encoder-webm-vorbis: bf7c407c2cedff20999df2af8eb42d56 -> 
========================================================================
Received Prepare
Registering precompiled user dll's ...
Registered in 0.003286 seconds.
Begin MonoManager ReloadAssembly
Native extension for WindowsStandalone target not found
Native extension for WebGL target not found
Refreshing native plugins compatible for Editor in 0.42 ms, found 3 plugins.
Preloading 0 native plugins for Editor in 0.00 ms.
Mono: successfully reloaded assembly
- Completed reload, in  0.943 seconds
Domain Reload Profiling:
	ReloadAssembly (943ms)
		BeginReloadAssembly (99ms)
			ExecutionOrderSort (0ms)
			DisableScriptedObjects (6ms)
			BackupInstance (0ms)
			ReleaseScriptingObjects (0ms)
			CreateAndSetChildDomain (31ms)
		EndReloadAssembly (785ms)
			LoadAssemblies (83ms)
			RebuildTransferFunctionScriptingTraits (0ms)
			SetupTypeCache (273ms)
			ReleaseScriptCaches (1ms)
			RebuildScriptCaches (43ms)
			SetupLoadedEditorAssemblies (290ms)
				LogAssemblyErrors (0ms)
				InitializePlatformSupportModulesInManaged (5ms)
				SetLoadedEditorAssemblies (0ms)
				RefreshPlugins (0ms)
				BeforeProcessingInitializeOnLoad (72ms)
				ProcessInitializeOnLoadAttributes (204ms)
				ProcessInitializeOnLoadMethodAttributes (5ms)
				AfterProcessingInitializeOnLoad (2ms)
				EditorAssembliesLoaded (0ms)
			ExecutionOrderSort2 (0ms)
			AwakeInstancesAfterBackupRestoration (11ms)
Platform modules already initialized, skipping
Refreshing native plugins compatible for Editor in 0.42 ms, found 3 plugins.
Preloading 0 native plugins for Editor in 0.00 ms.
Unloading 2242 Unused Serialized files (Serialized files now loaded: 0)
System memory in use before: 101.7 MB.
System memory in use after: 101.9 MB.

Unloading 15 unused Assets to reduce memory usage. Loaded Objects now: 2842.
Total: 3.333000 ms (FindLiveObjects: 0.224400 ms CreateObjectMapping: 0.076200 ms MarkObjects: 3.014700 ms  DeleteObjects: 0.016800 ms)

AssetImportParameters requested are different than current active one (requested -> active):
  custom:framework-win-MediaFoundation: 216162199b28c13a410421893ffa2e32 -> 
  custom:video-decoder-ogg-theora: a1e56fd34408186e4bbccfd4996cb3dc -> 
  custom:container-muxer-webm: aa71ff27fc2769a1b78a27578f13a17b -> 
  custom:container-demuxer-webm: 4f35f7cbe854078d1ac9338744f61a02 -> 
  custom:container-demuxer-ogg: 62fdf1f143b41e24485cea50d1cbac27 -> 
  custom:video-encoder-webm-vp8: eb34c28f22e8b96e1ab97ce403110664 -> 
  custom:video-decoder-webm-vp8: 9c59270c3fd7afecdb556c50c9e8de78 -> 
  custom:audio-decoder-ogg-vorbis: bf7c407c2cedff20999df2af8eb42d56 -> 
  custom:audio-encoder-webm-vorbis: bf7c407c2cedff20999df2af8eb42d56 -> 
========================================================================
Received Prepare
Registering precompiled user dll's ...
Registered in 0.002459 seconds.
Begin MonoManager ReloadAssembly
Native extension for WindowsStandalone target not found
Native extension for WebGL target not found
Refreshing native plugins compatible for Editor in 0.45 ms, found 3 plugins.
Preloading 0 native plugins for Editor in 0.00 ms.
Mono: successfully reloaded assembly
- Completed reload, in  0.926 seconds
Domain Reload Profiling:
	ReloadAssembly (927ms)
		BeginReloadAssembly (106ms)
			ExecutionOrderSort (0ms)
			DisableScriptedObjects (5ms)
			BackupInstance (0ms)
			ReleaseScriptingObjects (0ms)
			CreateAndSetChildDomain (31ms)
		EndReloadAssembly (769ms)
			LoadAssemblies (82ms)
			RebuildTransferFunctionScriptingTraits (0ms)
			SetupTypeCache (279ms)
			ReleaseScriptCaches (1ms)
			RebuildScriptCaches (43ms)
			SetupLoadedEditorAssemblies (268ms)
				LogAssemblyErrors (0ms)
				InitializePlatformSupportModulesInManaged (5ms)
				SetLoadedEditorAssemblies (0ms)
				RefreshPlugins (1ms)
				BeforeProcessingInitializeOnLoad (67ms)
				ProcessInitializeOnLoadAttributes (189ms)
				ProcessInitializeOnLoadMethodAttributes (5ms)
				AfterProcessingInitializeOnLoad (2ms)
				EditorAssembliesLoaded (0ms)
			ExecutionOrderSort2 (0ms)
			AwakeInstancesAfterBackupRestoration (9ms)
Platform modules already initialized, skipping
Refreshing native plugins compatible for Editor in 0.47 ms, found 3 plugins.
Preloading 0 native plugins for Editor in 0.00 ms.
Unloading 2242 Unused Serialized files (Serialized files now loaded: 0)
System memory in use before: 101.7 MB.
System memory in use after: 101.9 MB.

Unloading 15 unused Assets to reduce memory usage. Loaded Objects now: 2845.
Total: 3.274700 ms (FindLiveObjects: 0.224900 ms CreateObjectMapping: 0.076600 ms MarkObjects: 2.954600 ms  DeleteObjects: 0.017700 ms)

AssetImportParameters requested are different than current active one (requested -> active):
  custom:framework-win-MediaFoundation: 216162199b28c13a410421893ffa2e32 -> 
  custom:video-decoder-ogg-theora: a1e56fd34408186e4bbccfd4996cb3dc -> 
  custom:container-muxer-webm: aa71ff27fc2769a1b78a27578f13a17b -> 
  custom:container-demuxer-webm: 4f35f7cbe854078d1ac9338744f61a02 -> 
  custom:container-demuxer-ogg: 62fdf1f143b41e24485cea50d1cbac27 -> 
  custom:video-encoder-webm-vp8: eb34c28f22e8b96e1ab97ce403110664 -> 
  custom:video-decoder-webm-vp8: 9c59270c3fd7afecdb556c50c9e8de78 -> 
  custom:audio-decoder-ogg-vorbis: bf7c407c2cedff20999df2af8eb42d56 -> 
  custom:audio-encoder-webm-vorbis: bf7c407c2cedff20999df2af8eb42d56 -> 
========================================================================
Received Prepare
Registering precompiled user dll's ...
Registered in 0.002666 seconds.
Begin MonoManager ReloadAssembly
Native extension for WindowsStandalone target not found
Native extension for WebGL target not found
Refreshing native plugins compatible for Editor in 0.43 ms, found 3 plugins.
Preloading 0 native plugins for Editor in 0.00 ms.
Mono: successfully reloaded assembly
- Completed reload, in  0.933 seconds
Domain Reload Profiling:
	ReloadAssembly (933ms)
		BeginReloadAssembly (111ms)
			ExecutionOrderSort (0ms)
			DisableScriptedObjects (7ms)
			BackupInstance (0ms)
			ReleaseScriptingObjects (0ms)
			CreateAndSetChildDomain (32ms)
		EndReloadAssembly (757ms)
			LoadAssemblies (80ms)
			RebuildTransferFunctionScriptingTraits (0ms)
			SetupTypeCache (271ms)
			ReleaseScriptCaches (1ms)
			RebuildScriptCaches (44ms)
			SetupLoadedEditorAssemblies (269ms)
				LogAssemblyErrors (0ms)
				InitializePlatformSupportModulesInManaged (5ms)
				SetLoadedEditorAssemblies (0ms)
				RefreshPlugins (0ms)
				BeforeProcessingInitializeOnLoad (69ms)
				ProcessInitializeOnLoadAttributes (187ms)
				ProcessInitializeOnLoadMethodAttributes (5ms)
				AfterProcessingInitializeOnLoad (2ms)
				EditorAssembliesLoaded (0ms)
			ExecutionOrderSort2 (0ms)
			AwakeInstancesAfterBackupRestoration (9ms)
Platform modules already initialized, skipping
Refreshing native plugins compatible for Editor in 0.44 ms, found 3 plugins.
Preloading 0 native plugins for Editor in 0.00 ms.
Unloading 2242 Unused Serialized files (Serialized files now loaded: 0)
System memory in use before: 101.7 MB.
System memory in use after: 101.9 MB.

Unloading 15 unused Assets to reduce memory usage. Loaded Objects now: 2848.
Total: 4.144300 ms (FindLiveObjects: 0.393300 ms CreateObjectMapping: 0.118900 ms MarkObjects: 3.600900 ms  DeleteObjects: 0.016300 ms)

AssetImportParameters requested are different than current active one (requested -> active):
  custom:framework-win-MediaFoundation: 216162199b28c13a410421893ffa2e32 -> 
  custom:video-decoder-ogg-theora: a1e56fd34408186e4bbccfd4996cb3dc -> 
  custom:container-muxer-webm: aa71ff27fc2769a1b78a27578f13a17b -> 
  custom:container-demuxer-webm: 4f35f7cbe854078d1ac9338744f61a02 -> 
  custom:container-demuxer-ogg: 62fdf1f143b41e24485cea50d1cbac27 -> 
  custom:video-encoder-webm-vp8: eb34c28f22e8b96e1ab97ce403110664 -> 
  custom:video-decoder-webm-vp8: 9c59270c3fd7afecdb556c50c9e8de78 -> 
  custom:audio-decoder-ogg-vorbis: bf7c407c2cedff20999df2af8eb42d56 -> 
  custom:audio-encoder-webm-vorbis: bf7c407c2cedff20999df2af8eb42d56 -> 
========================================================================
Received Prepare
Registering precompiled user dll's ...
Registered in 0.002843 seconds.
Begin MonoManager ReloadAssembly
Native extension for WindowsStandalone target not found
Native extension for WebGL target not found
Refreshing native plugins compatible for Editor in 0.42 ms, found 3 plugins.
Preloading 0 native plugins for Editor in 0.00 ms.
Mono: successfully reloaded assembly
- Completed reload, in  0.888 seconds
Domain Reload Profiling:
	ReloadAssembly (889ms)
		BeginReloadAssembly (104ms)
			ExecutionOrderSort (0ms)
			DisableScriptedObjects (6ms)
			BackupInstance (0ms)
			ReleaseScriptingObjects (0ms)
			CreateAndSetChildDomain (30ms)
		EndReloadAssembly (735ms)
			LoadAssemblies (78ms)
			RebuildTransferFunctionScriptingTraits (0ms)
			SetupTypeCache (249ms)
			ReleaseScriptCaches (1ms)
			RebuildScriptCaches (41ms)
			SetupLoadedEditorAssemblies (266ms)
				LogAssemblyErrors (0ms)
				InitializePlatformSupportModulesInManaged (5ms)
				SetLoadedEditorAssemblies (0ms)
				RefreshPlugins (0ms)
				BeforeProcessingInitializeOnLoad (66ms)
				ProcessInitializeOnLoadAttributes (188ms)
				ProcessInitializeOnLoadMethodAttributes (4ms)
				AfterProcessingInitializeOnLoad (2ms)
				EditorAssembliesLoaded (0ms)
			ExecutionOrderSort2 (0ms)
			AwakeInstancesAfterBackupRestoration (9ms)
Platform modules already initialized, skipping
Refreshing native plugins compatible for Editor in 0.41 ms, found 3 plugins.
Preloading 0 native plugins for Editor in 0.00 ms.
Unloading 2242 Unused Serialized files (Serialized files now loaded: 0)
System memory in use before: 101.7 MB.
System memory in use after: 101.9 MB.

Unloading 15 unused Assets to reduce memory usage. Loaded Objects now: 2851.
Total: 3.104100 ms (FindLiveObjects: 0.210900 ms CreateObjectMapping: 0.071500 ms MarkObjects: 2.807300 ms  DeleteObjects: 0.013700 ms)

AssetImportParameters requested are different than current active one (requested -> active):
  custom:framework-win-MediaFoundation: 216162199b28c13a410421893ffa2e32 -> 
  custom:video-decoder-ogg-theora: a1e56fd34408186e4bbccfd4996cb3dc -> 
  custom:container-muxer-webm: aa71ff27fc2769a1b78a27578f13a17b -> 
  custom:container-demuxer-webm: 4f35f7cbe854078d1ac9338744f61a02 -> 
  custom:container-demuxer-ogg: 62fdf1f143b41e24485cea50d1cbac27 -> 
  custom:video-encoder-webm-vp8: eb34c28f22e8b96e1ab97ce403110664 -> 
  custom:video-decoder-webm-vp8: 9c59270c3fd7afecdb556c50c9e8de78 -> 
  custom:audio-decoder-ogg-vorbis: bf7c407c2cedff20999df2af8eb42d56 -> 
  custom:audio-encoder-webm-vorbis: bf7c407c2cedff20999df2af8eb42d56 -> 
========================================================================
Received Prepare
Registering precompiled user dll's ...
Registered in 0.002472 seconds.
Begin MonoManager ReloadAssembly
Native extension for WindowsStandalone target not found
Native extension for WebGL target not found
Refreshing native plugins compatible for Editor in 0.44 ms, found 3 plugins.
Preloading 0 native plugins for Editor in 0.00 ms.
Mono: successfully reloaded assembly
- Completed reload, in  0.939 seconds
Domain Reload Profiling:
	ReloadAssembly (939ms)
		BeginReloadAssembly (110ms)
			ExecutionOrderSort (0ms)
			DisableScriptedObjects (5ms)
			BackupInstance (0ms)
			ReleaseScriptingObjects (0ms)
			CreateAndSetChildDomain (33ms)
		EndReloadAssembly (778ms)
			LoadAssemblies (81ms)
			RebuildTransferFunctionScriptingTraits (0ms)
			SetupTypeCache (280ms)
			ReleaseScriptCaches (1ms)
			RebuildScriptCaches (43ms)
			SetupLoadedEditorAssemblies (283ms)
				LogAssemblyErrors (0ms)
				InitializePlatformSupportModulesInManaged (5ms)
				SetLoadedEditorAssemblies (0ms)
				RefreshPlugins (1ms)
				BeforeProcessingInitializeOnLoad (72ms)
				ProcessInitializeOnLoadAttributes (198ms)
				ProcessInitializeOnLoadMethodAttributes (5ms)
				AfterProcessingInitializeOnLoad (2ms)
				EditorAssembliesLoaded (0ms)
			ExecutionOrderSort2 (0ms)
			AwakeInstancesAfterBackupRestoration (10ms)
Platform modules already initialized, skipping
Refreshing native plugins compatible for Editor in 0.40 ms, found 3 plugins.
Preloading 0 native plugins for Editor in 0.00 ms.
Unloading 2242 Unused Serialized files (Serialized files now loaded: 0)
System memory in use before: 101.6 MB.
System memory in use after: 101.9 MB.

Unloading 15 unused Assets to reduce memory usage. Loaded Objects now: 2854.
Total: 3.162400 ms (FindLiveObjects: 0.210500 ms CreateObjectMapping: 0.074400 ms MarkObjects: 2.862500 ms  DeleteObjects: 0.014100 ms)

AssetImportParameters requested are different than current active one (requested -> active):
  custom:framework-win-MediaFoundation: 216162199b28c13a410421893ffa2e32 -> 
  custom:video-decoder-ogg-theora: a1e56fd34408186e4bbccfd4996cb3dc -> 
  custom:container-muxer-webm: aa71ff27fc2769a1b78a27578f13a17b -> 
  custom:container-demuxer-webm: 4f35f7cbe854078d1ac9338744f61a02 -> 
  custom:container-demuxer-ogg: 62fdf1f143b41e24485cea50d1cbac27 -> 
  custom:video-encoder-webm-vp8: eb34c28f22e8b96e1ab97ce403110664 -> 
  custom:video-decoder-webm-vp8: 9c59270c3fd7afecdb556c50c9e8de78 -> 
  custom:audio-decoder-ogg-vorbis: bf7c407c2cedff20999df2af8eb42d56 -> 
  custom:audio-encoder-webm-vorbis: bf7c407c2cedff20999df2af8eb42d56 -> 
========================================================================
Received Import Request.
  Time since last request: 567.363950 seconds.
  path: Assets/Scripts/Treasure.cs
  artifactKey: Guid(d84c980ada5a2884694d7665f7b971c2) Importer(815301076,1909f56bfc062723c751e8b465ee728b)
Start importing Assets/Scripts/Treasure.cs using Guid(d84c980ada5a2884694d7665f7b971c2) Importer(815301076,1909f56bfc062723c751e8b465ee728b)  -> (artifact id: 'ae357dd5ff4f9d2cf7aea2d1825dd967') in 0.009037 seconds 
  Import took 0.012906 seconds .

========================================================================
Received Import Request.
  Time since last request: 13.474498 seconds.
  path: Assets/Scripts/Treasure.cs
  artifactKey: Guid(d84c980ada5a2884694d7665f7b971c2) Importer(815301076,1909f56bfc062723c751e8b465ee728b)
Start importing Assets/Scripts/Treasure.cs using Guid(d84c980ada5a2884694d7665f7b971c2) Importer(815301076,1909f56bfc062723c751e8b465ee728b)  -> (artifact id: '32b710bb8c91ea03ef84da983f9e7df4') in 0.005630 seconds 
  Import took 0.009036 seconds .

========================================================================
Received Prepare
Registering precompiled user dll's ...
Registered in 0.002452 seconds.
Begin MonoManager ReloadAssembly
Native extension for WindowsStandalone target not found
Native extension for WebGL target not found
Refreshing native plugins compatible for Editor in 0.43 ms, found 3 plugins.
Preloading 0 native plugins for Editor in 0.00 ms.
Mono: successfully reloaded assembly
- Completed reload, in  0.939 seconds
Domain Reload Profiling:
	ReloadAssembly (940ms)
		BeginReloadAssembly (101ms)
			ExecutionOrderSort (0ms)
			DisableScriptedObjects (6ms)
			BackupInstance (0ms)
			ReleaseScriptingObjects (0ms)
			CreateAndSetChildDomain (31ms)
		EndReloadAssembly (780ms)
			LoadAssemblies (86ms)
			RebuildTransferFunctionScriptingTraits (0ms)
			SetupTypeCache (273ms)
			ReleaseScriptCaches (1ms)
			RebuildScriptCaches (47ms)
			SetupLoadedEditorAssemblies (284ms)
				LogAssemblyErrors (0ms)
				InitializePlatformSupportModulesInManaged (5ms)
				SetLoadedEditorAssemblies (0ms)
				RefreshPlugins (0ms)
				BeforeProcessingInitializeOnLoad (70ms)
				ProcessInitializeOnLoadAttributes (200ms)
				ProcessInitializeOnLoadMethodAttributes (5ms)
				AfterProcessingInitializeOnLoad (2ms)
				EditorAssembliesLoaded (0ms)
			ExecutionOrderSort2 (0ms)
			AwakeInstancesAfterBackupRestoration (10ms)
Platform modules already initialized, skipping
Refreshing native plugins compatible for Editor in 0.42 ms, found 3 plugins.
Preloading 0 native plugins for Editor in 0.00 ms.
Unloading 2242 Unused Serialized files (Serialized files now loaded: 0)
System memory in use before: 101.7 MB.
System memory in use after: 102.0 MB.

Unloading 15 unused Assets to reduce memory usage. Loaded Objects now: 2857.
Total: 3.206300 ms (FindLiveObjects: 0.213100 ms CreateObjectMapping: 0.073000 ms MarkObjects: 2.905600 ms  DeleteObjects: 0.013700 ms)

AssetImportParameters requested are different than current active one (requested -> active):
  custom:framework-win-MediaFoundation: 216162199b28c13a410421893ffa2e32 -> 
  custom:video-decoder-ogg-theora: a1e56fd34408186e4bbccfd4996cb3dc -> 
  custom:container-muxer-webm: aa71ff27fc2769a1b78a27578f13a17b -> 
  custom:container-demuxer-webm: 4f35f7cbe854078d1ac9338744f61a02 -> 
  custom:container-demuxer-ogg: 62fdf1f143b41e24485cea50d1cbac27 -> 
  custom:video-encoder-webm-vp8: eb34c28f22e8b96e1ab97ce403110664 -> 
  custom:video-decoder-webm-vp8: 9c59270c3fd7afecdb556c50c9e8de78 -> 
  custom:audio-decoder-ogg-vorbis: bf7c407c2cedff20999df2af8eb42d56 -> 
  custom:audio-encoder-webm-vorbis: bf7c407c2cedff20999df2af8eb42d56 -> 
========================================================================
Received Import Request.
  Time since last request: 17.664108 seconds.
  path: Assets/Prefab/玉米穗.prefab
  artifactKey: Guid(6c5949347c400d64ab95843514a33043) Importer(815301076,1909f56bfc062723c751e8b465ee728b)
Start importing Assets/Prefab/玉米穗.prefab using Guid(6c5949347c400d64ab95843514a33043) Importer(815301076,1909f56bfc062723c751e8b465ee728b)  -> (artifact id: '75a7c42bade0b2131a230209299bf88d') in 0.059067 seconds 
  Import took 0.063599 seconds .

========================================================================
Received Import Request.
  Time since last request: 14.879190 seconds.
  path: Assets/圖片/榴蓮.png
  artifactKey: Guid(fa92404c56ab1bb4bb083fe8b7df7da5) Importer(815301076,1909f56bfc062723c751e8b465ee728b)
Start importing Assets/圖片/榴蓮.png using Guid(fa92404c56ab1bb4bb083fe8b7df7da5) Importer(815301076,1909f56bfc062723c751e8b465ee728b)  -> (artifact id: '62802efe4026d9e2718fc4a4c694461f') in 0.031322 seconds 
  Import took 0.035010 seconds .

========================================================================
Received Import Request.
  Time since last request: 0.000395 seconds.
  path: Assets/圖片/猩猩2.png
  artifactKey: Guid(8d06bdf3f9b2e1d48ad0ecb3c5c6474d) Importer(815301076,1909f56bfc062723c751e8b465ee728b)
Start importing Assets/圖片/猩猩2.png using Guid(8d06bdf3f9b2e1d48ad0ecb3c5c6474d) Importer(815301076,1909f56bfc062723c751e8b465ee728b)  -> (artifact id: 'aec8cd7a935e847762c78e9f95287de0') in 0.047385 seconds 
  Import took 0.050672 seconds .

========================================================================
Received Import Request.
  Time since last request: 0.000348 seconds.
  path: Assets/圖片/獵人1.png
  artifactKey: Guid(b327412ea99006c4d9714806d27619b5) Importer(815301076,1909f56bfc062723c751e8b465ee728b)
Start importing Assets/圖片/獵人1.png using Guid(b327412ea99006c4d9714806d27619b5) Importer(815301076,1909f56bfc062723c751e8b465ee728b)  -> (artifact id: '84be8d874cd2d3d9b92322ece81f5d3d') in 0.035271 seconds 
  Import took 0.038268 seconds .

========================================================================
Received Import Request.
  Time since last request: 0.000283 seconds.
  path: Assets/圖片/獵人2.png
  artifactKey: Guid(7aae5e19920221a47b6325455ce7b4e1) Importer(815301076,1909f56bfc062723c751e8b465ee728b)
Start importing Assets/圖片/獵人2.png using Guid(7aae5e19920221a47b6325455ce7b4e1) Importer(815301076,1909f56bfc062723c751e8b465ee728b)  -> (artifact id: '02c506ab49171b7fa4200d85342f206e') in 0.032376 seconds 
  Import took 0.035608 seconds .

========================================================================
Received Import Request.
  Time since last request: 0.000276 seconds.
  path: Assets/圖片/蛇.png
  artifactKey: Guid(7cacad6a1854db2429f756007f869514) Importer(815301076,1909f56bfc062723c751e8b465ee728b)
Start importing Assets/圖片/蛇.png using Guid(7cacad6a1854db2429f756007f869514) Importer(815301076,1909f56bfc062723c751e8b465ee728b)  -> (artifact id: 'b94e204cdba1a96125b5f68970a0cc87') in 0.038751 seconds 
  Import took 0.041834 seconds .

========================================================================
Received Import Request.
  Time since last request: 0.000286 seconds.
  path: Assets/圖片/猩猩1.png
  artifactKey: Guid(0953eb30062e10f4f9c0903373f50798) Importer(815301076,1909f56bfc062723c751e8b465ee728b)
Start importing Assets/圖片/猩猩1.png using Guid(0953eb30062e10f4f9c0903373f50798) Importer(815301076,1909f56bfc062723c751e8b465ee728b)  -> (artifact id: '83bfbc0edb9a389ce793b66dc3d1dcfe') in 0.042058 seconds 
  Import took 0.044988 seconds .

========================================================================
Received Import Request.
  Time since last request: 0.106477 seconds.
  path: Assets/圖片/豹.png
  artifactKey: Guid(10b7d63d2febacb4a8a75b4c03b94e2e) Importer(815301076,1909f56bfc062723c751e8b465ee728b)
Start importing Assets/圖片/豹.png using Guid(10b7d63d2febacb4a8a75b4c03b94e2e) Importer(815301076,1909f56bfc062723c751e8b465ee728b)  -> (artifact id: 'ab14774e5603bab4aa999d39bc110da8') in 0.103978 seconds 
  Import took 0.107841 seconds .

========================================================================
Received Import Request.
  Time since last request: 0.000304 seconds.
  path: Assets/圖片/香蕉皮.png
  artifactKey: Guid(3f8382d514f66c34fb94e7cbcc52c235) Importer(815301076,1909f56bfc062723c751e8b465ee728b)
Start importing Assets/圖片/香蕉皮.png using Guid(3f8382d514f66c34fb94e7cbcc52c235) Importer(815301076,1909f56bfc062723c751e8b465ee728b)  -> (artifact id: '817e3b689fd05785221f08fd155e4643') in 0.019400 seconds 
  Import took 0.023180 seconds .

========================================================================
Received Import Request.
  Time since last request: 85.933806 seconds.
  path: Assets/Prefab/牧草捲.prefab
  artifactKey: Guid(1e69181ed35f0fc4daaf41ddd822b692) Importer(815301076,1909f56bfc062723c751e8b465ee728b)
Start importing Assets/Prefab/牧草捲.prefab using Guid(1e69181ed35f0fc4daaf41ddd822b692) Importer(815301076,1909f56bfc062723c751e8b465ee728b)  -> (artifact id: 'e5019eefaed9374bb350b2c33d003453') in 0.018910 seconds 
  Import took 0.022835 seconds .

========================================================================
Received Import Request.
  Time since last request: 1.275975 seconds.
  path: Assets/Prefab/香蕉.prefab
  artifactKey: Guid(28063ccfb3ba53a43aab0cf86aa8b393) Importer(815301076,1909f56bfc062723c751e8b465ee728b)
Start importing Assets/Prefab/香蕉.prefab using Guid(28063ccfb3ba53a43aab0cf86aa8b393) Importer(815301076,1909f56bfc062723c751e8b465ee728b)  -> (artifact id: 'f8bdf4e8a74626189ed2825cb97f1c2a') in 0.017834 seconds 
  Import took 0.021807 seconds .

========================================================================
Received Import Request.
  Time since last request: 1.773987 seconds.
  path: Assets/Prefab/紙張.prefab
  artifactKey: Guid(62fe4427d1fbce84e992b93143adda62) Importer(815301076,1909f56bfc062723c751e8b465ee728b)
Start importing Assets/Prefab/紙張.prefab using Guid(62fe4427d1fbce84e992b93143adda62) Importer(815301076,1909f56bfc062723c751e8b465ee728b)  -> (artifact id: 'dc518536298f45db6cf08e0b48aa0a69') in 0.016106 seconds 
  Import took 0.019977 seconds .

========================================================================
Received Prepare
Registering precompiled user dll's ...
Registered in 0.002274 seconds.
Begin MonoManager ReloadAssembly
Native extension for WindowsStandalone target not found
Native extension for WebGL target not found
Refreshing native plugins compatible for Editor in 0.44 ms, found 3 plugins.
Preloading 0 native plugins for Editor in 0.00 ms.
Mono: successfully reloaded assembly
- Completed reload, in  0.897 seconds
Domain Reload Profiling:
	ReloadAssembly (897ms)
		BeginReloadAssembly (102ms)
			ExecutionOrderSort (0ms)
			DisableScriptedObjects (5ms)
			BackupInstance (0ms)
			ReleaseScriptingObjects (0ms)
			CreateAndSetChildDomain (31ms)
		EndReloadAssembly (745ms)
			LoadAssemblies (77ms)
			RebuildTransferFunctionScriptingTraits (0ms)
			SetupTypeCache (256ms)
			ReleaseScriptCaches (1ms)
			RebuildScriptCaches (40ms)
			SetupLoadedEditorAssemblies (280ms)
				LogAssemblyErrors (0ms)
				InitializePlatformSupportModulesInManaged (5ms)
				SetLoadedEditorAssemblies (0ms)
				RefreshPlugins (0ms)
				BeforeProcessingInitializeOnLoad (64ms)
				ProcessInitializeOnLoadAttributes (203ms)
				ProcessInitializeOnLoadMethodAttributes (5ms)
				AfterProcessingInitializeOnLoad (2ms)
				EditorAssembliesLoaded (0ms)
			ExecutionOrderSort2 (0ms)
			AwakeInstancesAfterBackupRestoration (10ms)
Platform modules already initialized, skipping
Refreshing native plugins compatible for Editor in 0.47 ms, found 3 plugins.
Preloading 0 native plugins for Editor in 0.00 ms.
Unloading 2242 Unused Serialized files (Serialized files now loaded: 0)
System memory in use before: 101.8 MB.
System memory in use after: 102.0 MB.

Unloading 15 unused Assets to reduce memory usage. Loaded Objects now: 2868.
Total: 3.248800 ms (FindLiveObjects: 0.230700 ms CreateObjectMapping: 0.100300 ms MarkObjects: 2.903100 ms  DeleteObjects: 0.013700 ms)

AssetImportParameters requested are different than current active one (requested -> active):
  custom:framework-win-MediaFoundation: 216162199b28c13a410421893ffa2e32 -> 
  custom:video-decoder-ogg-theora: a1e56fd34408186e4bbccfd4996cb3dc -> 
  custom:container-muxer-webm: aa71ff27fc2769a1b78a27578f13a17b -> 
  custom:container-demuxer-webm: 4f35f7cbe854078d1ac9338744f61a02 -> 
  custom:container-demuxer-ogg: 62fdf1f143b41e24485cea50d1cbac27 -> 
  custom:video-encoder-webm-vp8: eb34c28f22e8b96e1ab97ce403110664 -> 
  custom:video-decoder-webm-vp8: 9c59270c3fd7afecdb556c50c9e8de78 -> 
  custom:audio-decoder-ogg-vorbis: bf7c407c2cedff20999df2af8eb42d56 -> 
  custom:audio-encoder-webm-vorbis: bf7c407c2cedff20999df2af8eb42d56 -> 
========================================================================
Received Prepare
Registering precompiled user dll's ...
Registered in 0.002409 seconds.
Begin MonoManager ReloadAssembly
Native extension for WindowsStandalone target not found
Native extension for WebGL target not found
Refreshing native plugins compatible for Editor in 0.43 ms, found 3 plugins.
Preloading 0 native plugins for Editor in 0.00 ms.
Mono: successfully reloaded assembly
- Completed reload, in  0.872 seconds
Domain Reload Profiling:
	ReloadAssembly (873ms)
		BeginReloadAssembly (105ms)
			ExecutionOrderSort (0ms)
			DisableScriptedObjects (6ms)
			BackupInstance (0ms)
			ReleaseScriptingObjects (0ms)
			CreateAndSetChildDomain (30ms)
		EndReloadAssembly (718ms)
			LoadAssemblies (74ms)
			RebuildTransferFunctionScriptingTraits (0ms)
			SetupTypeCache (243ms)
			ReleaseScriptCaches (1ms)
			RebuildScriptCaches (41ms)
			SetupLoadedEditorAssemblies (265ms)
				LogAssemblyErrors (0ms)
				InitializePlatformSupportModulesInManaged (5ms)
				SetLoadedEditorAssemblies (0ms)
				RefreshPlugins (0ms)
				BeforeProcessingInitializeOnLoad (65ms)
				ProcessInitializeOnLoadAttributes (188ms)
				ProcessInitializeOnLoadMethodAttributes (5ms)
				AfterProcessingInitializeOnLoad (2ms)
				EditorAssembliesLoaded (0ms)
			ExecutionOrderSort2 (0ms)
			AwakeInstancesAfterBackupRestoration (9ms)
Platform modules already initialized, skipping
Refreshing native plugins compatible for Editor in 0.40 ms, found 3 plugins.
Preloading 0 native plugins for Editor in 0.00 ms.
Unloading 2242 Unused Serialized files (Serialized files now loaded: 0)
System memory in use before: 101.8 MB.
System memory in use after: 102.0 MB.

Unloading 15 unused Assets to reduce memory usage. Loaded Objects now: 2871.
Total: 3.017800 ms (FindLiveObjects: 0.202700 ms CreateObjectMapping: 0.084200 ms MarkObjects: 2.717000 ms  DeleteObjects: 0.013100 ms)

AssetImportParameters requested are different than current active one (requested -> active):
  custom:framework-win-MediaFoundation: 216162199b28c13a410421893ffa2e32 -> 
  custom:video-decoder-ogg-theora: a1e56fd34408186e4bbccfd4996cb3dc -> 
  custom:container-muxer-webm: aa71ff27fc2769a1b78a27578f13a17b -> 
  custom:container-demuxer-webm: 4f35f7cbe854078d1ac9338744f61a02 -> 
  custom:container-demuxer-ogg: 62fdf1f143b41e24485cea50d1cbac27 -> 
  custom:video-encoder-webm-vp8: eb34c28f22e8b96e1ab97ce403110664 -> 
  custom:video-decoder-webm-vp8: 9c59270c3fd7afecdb556c50c9e8de78 -> 
  custom:audio-decoder-ogg-vorbis: bf7c407c2cedff20999df2af8eb42d56 -> 
  custom:audio-encoder-webm-vorbis: bf7c407c2cedff20999df2af8eb42d56 -> 
========================================================================
Received Import Request.
  Time since last request: 225.781038 seconds.
  path: Assets/Prefab/牧草捲.prefab
  artifactKey: Guid(1e69181ed35f0fc4daaf41ddd822b692) Importer(815301076,1909f56bfc062723c751e8b465ee728b)
Start importing Assets/Prefab/牧草捲.prefab using Guid(1e69181ed35f0fc4daaf41ddd822b692) Importer(815301076,1909f56bfc062723c751e8b465ee728b)  -> (artifact id: 'e55a0a88901d7ee9b9c326997c5276ee') in 0.053540 seconds 
  Import took 0.056716 seconds .

========================================================================
Received Import Request.
  Time since last request: 2.756491 seconds.
  path: Assets/Prefab/香蕉.prefab
  artifactKey: Guid(28063ccfb3ba53a43aab0cf86aa8b393) Importer(815301076,1909f56bfc062723c751e8b465ee728b)
Start importing Assets/Prefab/香蕉.prefab using Guid(28063ccfb3ba53a43aab0cf86aa8b393) Importer(815301076,1909f56bfc062723c751e8b465ee728b)  -> (artifact id: 'ed418261f4ec6afc14db5a6f993eaed9') in 0.017289 seconds 
  Import took 0.021192 seconds .

========================================================================
Received Prepare
Registering precompiled user dll's ...
Registered in 0.002223 seconds.
Begin MonoManager ReloadAssembly
Native extension for WindowsStandalone target not found
Native extension for WebGL target not found
Refreshing native plugins compatible for Editor in 0.41 ms, found 3 plugins.
Preloading 0 native plugins for Editor in 0.00 ms.
Mono: successfully reloaded assembly
- Completed reload, in  0.868 seconds
Domain Reload Profiling:
	ReloadAssembly (869ms)
		BeginReloadAssembly (101ms)
			ExecutionOrderSort (0ms)
			DisableScriptedObjects (5ms)
			BackupInstance (0ms)
			ReleaseScriptingObjects (0ms)
			CreateAndSetChildDomain (31ms)
		EndReloadAssembly (720ms)
			LoadAssemblies (75ms)
			RebuildTransferFunctionScriptingTraits (0ms)
			SetupTypeCache (253ms)
			ReleaseScriptCaches (1ms)
			RebuildScriptCaches (42ms)
			SetupLoadedEditorAssemblies (257ms)
				LogAssemblyErrors (0ms)
				InitializePlatformSupportModulesInManaged (5ms)
				SetLoadedEditorAssemblies (0ms)
				RefreshPlugins (0ms)
				BeforeProcessingInitializeOnLoad (64ms)
				ProcessInitializeOnLoadAttributes (181ms)
				ProcessInitializeOnLoadMethodAttributes (4ms)
				AfterProcessingInitializeOnLoad (2ms)
				EditorAssembliesLoaded (0ms)
			ExecutionOrderSort2 (0ms)
			AwakeInstancesAfterBackupRestoration (9ms)
Platform modules already initialized, skipping
Refreshing native plugins compatible for Editor in 0.39 ms, found 3 plugins.
Preloading 0 native plugins for Editor in 0.00 ms.
Unloading 2242 Unused Serialized files (Serialized files now loaded: 0)
System memory in use before: 101.8 MB.
System memory in use after: 102.0 MB.

Unloading 15 unused Assets to reduce memory usage. Loaded Objects now: 2875.
Total: 3.254100 ms (FindLiveObjects: 0.212400 ms CreateObjectMapping: 0.070300 ms MarkObjects: 2.956500 ms  DeleteObjects: 0.014000 ms)

AssetImportParameters requested are different than current active one (requested -> active):
  custom:framework-win-MediaFoundation: 216162199b28c13a410421893ffa2e32 -> 
  custom:video-decoder-ogg-theora: a1e56fd34408186e4bbccfd4996cb3dc -> 
  custom:container-muxer-webm: aa71ff27fc2769a1b78a27578f13a17b -> 
  custom:container-demuxer-webm: 4f35f7cbe854078d1ac9338744f61a02 -> 
  custom:container-demuxer-ogg: 62fdf1f143b41e24485cea50d1cbac27 -> 
  custom:video-encoder-webm-vp8: eb34c28f22e8b96e1ab97ce403110664 -> 
  custom:video-decoder-webm-vp8: 9c59270c3fd7afecdb556c50c9e8de78 -> 
  custom:audio-decoder-ogg-vorbis: bf7c407c2cedff20999df2af8eb42d56 -> 
  custom:audio-encoder-webm-vorbis: bf7c407c2cedff20999df2af8eb42d56 -> 
========================================================================
Received Prepare
Registering precompiled user dll's ...
Registered in 0.002250 seconds.
Begin MonoManager ReloadAssembly
Native extension for WindowsStandalone target not found
Native extension for WebGL target not found
Refreshing native plugins compatible for Editor in 0.43 ms, found 3 plugins.
Preloading 0 native plugins for Editor in 0.00 ms.
Mono: successfully reloaded assembly
- Completed reload, in  0.878 seconds
Domain Reload Profiling:
	ReloadAssembly (878ms)
		BeginReloadAssembly (110ms)
			ExecutionOrderSort (0ms)
			DisableScriptedObjects (5ms)
			BackupInstance (0ms)
			ReleaseScriptingObjects (0ms)
			CreateAndSetChildDomain (34ms)
		EndReloadAssembly (719ms)
			LoadAssemblies (75ms)
			RebuildTransferFunctionScriptingTraits (0ms)
			SetupTypeCache (248ms)
			ReleaseScriptCaches (1ms)
			RebuildScriptCaches (41ms)
			SetupLoadedEditorAssemblies (265ms)
				LogAssemblyErrors (0ms)
				InitializePlatformSupportModulesInManaged (5ms)
				SetLoadedEditorAssemblies (0ms)
				RefreshPlugins (0ms)
				BeforeProcessingInitializeOnLoad (70ms)
				ProcessInitializeOnLoadAttributes (183ms)
				ProcessInitializeOnLoadMethodAttributes (5ms)
				AfterProcessingInitializeOnLoad (2ms)
				EditorAssembliesLoaded (0ms)
			ExecutionOrderSort2 (0ms)
			AwakeInstancesAfterBackupRestoration (9ms)
Platform modules already initialized, skipping
Refreshing native plugins compatible for Editor in 0.43 ms, found 3 plugins.
Preloading 0 native plugins for Editor in 0.00 ms.
Unloading 2242 Unused Serialized files (Serialized files now loaded: 0)
System memory in use before: 101.7 MB.
System memory in use after: 101.9 MB.

Unloading 15 unused Assets to reduce memory usage. Loaded Objects now: 2878.
Total: 3.296500 ms (FindLiveObjects: 0.222900 ms CreateObjectMapping: 0.100400 ms MarkObjects: 2.956200 ms  DeleteObjects: 0.016100 ms)

AssetImportParameters requested are different than current active one (requested -> active):
  custom:framework-win-MediaFoundation: 216162199b28c13a410421893ffa2e32 -> 
  custom:video-decoder-ogg-theora: a1e56fd34408186e4bbccfd4996cb3dc -> 
  custom:container-muxer-webm: aa71ff27fc2769a1b78a27578f13a17b -> 
  custom:container-demuxer-webm: 4f35f7cbe854078d1ac9338744f61a02 -> 
  custom:container-demuxer-ogg: 62fdf1f143b41e24485cea50d1cbac27 -> 
  custom:video-encoder-webm-vp8: eb34c28f22e8b96e1ab97ce403110664 -> 
  custom:video-decoder-webm-vp8: 9c59270c3fd7afecdb556c50c9e8de78 -> 
  custom:audio-decoder-ogg-vorbis: bf7c407c2cedff20999df2af8eb42d56 -> 
  custom:audio-encoder-webm-vorbis: bf7c407c2cedff20999df2af8eb42d56 -> 
========================================================================
Received Prepare
Registering precompiled user dll's ...
Registered in 0.002226 seconds.
Begin MonoManager ReloadAssembly
Native extension for WindowsStandalone target not found
Native extension for WebGL target not found
Refreshing native plugins compatible for Editor in 0.43 ms, found 3 plugins.
Preloading 0 native plugins for Editor in 0.00 ms.
Mono: successfully reloaded assembly
- Completed reload, in  0.867 seconds
Domain Reload Profiling:
	ReloadAssembly (867ms)
		BeginReloadAssembly (97ms)
			ExecutionOrderSort (0ms)
			DisableScriptedObjects (6ms)
			BackupInstance (0ms)
			ReleaseScriptingObjects (0ms)
			CreateAndSetChildDomain (31ms)
		EndReloadAssembly (718ms)
			LoadAssemblies (78ms)
			RebuildTransferFunctionScriptingTraits (0ms)
			SetupTypeCache (254ms)
			ReleaseScriptCaches (1ms)
			RebuildScriptCaches (41ms)
			SetupLoadedEditorAssemblies (258ms)
				LogAssemblyErrors (0ms)
				InitializePlatformSupportModulesInManaged (5ms)
				SetLoadedEditorAssemblies (0ms)
				RefreshPlugins (0ms)
				BeforeProcessingInitializeOnLoad (64ms)
				ProcessInitializeOnLoadAttributes (183ms)
				ProcessInitializeOnLoadMethodAttributes (4ms)
				AfterProcessingInitializeOnLoad (2ms)
				EditorAssembliesLoaded (0ms)
			ExecutionOrderSort2 (0ms)
			AwakeInstancesAfterBackupRestoration (9ms)
Platform modules already initialized, skipping
Refreshing native plugins compatible for Editor in 0.38 ms, found 3 plugins.
Preloading 0 native plugins for Editor in 0.00 ms.
Unloading 2242 Unused Serialized files (Serialized files now loaded: 0)
System memory in use before: 101.8 MB.
System memory in use after: 102.0 MB.

Unloading 15 unused Assets to reduce memory usage. Loaded Objects now: 2881.
Total: 3.064600 ms (FindLiveObjects: 0.214800 ms CreateObjectMapping: 0.075900 ms MarkObjects: 2.758800 ms  DeleteObjects: 0.014000 ms)

AssetImportParameters requested are different than current active one (requested -> active):
  custom:framework-win-MediaFoundation: 216162199b28c13a410421893ffa2e32 -> 
  custom:video-decoder-ogg-theora: a1e56fd34408186e4bbccfd4996cb3dc -> 
  custom:container-muxer-webm: aa71ff27fc2769a1b78a27578f13a17b -> 
  custom:container-demuxer-webm: 4f35f7cbe854078d1ac9338744f61a02 -> 
  custom:container-demuxer-ogg: 62fdf1f143b41e24485cea50d1cbac27 -> 
  custom:video-encoder-webm-vp8: eb34c28f22e8b96e1ab97ce403110664 -> 
  custom:video-decoder-webm-vp8: 9c59270c3fd7afecdb556c50c9e8de78 -> 
  custom:audio-decoder-ogg-vorbis: bf7c407c2cedff20999df2af8eb42d56 -> 
  custom:audio-encoder-webm-vorbis: bf7c407c2cedff20999df2af8eb42d56 -> 
AssetImportWorkerClient::OnTransportError - code=2 error=End of file
